Removed Pin From Net: NetName=GNSS_ANT Pin=C38-1
Removed Pin From Net: NetName=GND Pin=C38-2
Removed Pin From Net: NetName=GND Pin=C39-2
Removed Pin From Net: NetName=RF_ANT Pin=C40-1
Removed Pin From Net: NetName=GND Pin=C40-2
Removed Pin From Net: NetName=GND Pin=C41-2
Removed Pin From Net: NetName=GND Pin=JP2-1
Removed Pin From Net: NetName=GPIO7 Pin=JP2-2
Removed Pin From Net: NetName=ID_SD Pin=JP2-3
Removed Pin From Net: NetName=ID_SC Pin=JP2-4
Removed Pin From Net: NetName=GPIO5 Pin=JP2-5
Removed Pin From Net: NetName=GND Pin=JP2-6
Removed Pin From Net: NetName=GPIO6 Pin=JP2-7
Removed Pin From Net: NetName=GPIO12 Pin=JP2-8
Removed Pin From Net: NetName=GPIO13 Pin=JP2-9
Removed Pin From Net: NetName=GND Pin=JP2-10
Removed Pin From Net: NetName=GPIO19 Pin=JP2-11
Removed Pin From Net: NetName=GPIO16 Pin=JP2-12
Removed Pin From Net: NetName=GPIO26 Pin=JP2-13
Removed Pin From Net: NetName=GPIO20 Pin=JP2-14
Removed Pin From Net: NetName=GND Pin=JP2-15
Removed Pin From Net: NetName=GPIO21 Pin=JP2-16
Removed Pin From Net: NetName=WL_nDis Pin=JP3-7
Removed Pin From Net: NetName=GND Pin=JP3-9
Removed Pin From Net: NetName=BT_nDis Pin=JP3-11
Removed Pin From Net: NetName=GNSS_ANT Pin=R44-1
Removed Pin From Net: NetName=RF_ANT Pin=R45-1
Removed Pin From Net: NetName=GND Pin=X1-G
Removed Pin From Net: NetName=GND Pin=X1-G
Removed Pin From Net: NetName=GND Pin=X1-G
Removed Pin From Net: NetName=GND Pin=X1-G
Removed Pin From Net: NetName=GND Pin=X2-G
Removed Pin From Net: NetName=GND Pin=X2-G
Removed Pin From Net: NetName=GND Pin=X2-G
Removed Pin From Net: NetName=GND Pin=X2-G
Removed Member From Class: ClassName=Main Member=C38
Removed Member From Class: ClassName=Main Member=C39
Removed Member From Class: ClassName=Main Member=C40
Removed Member From Class: ClassName=Main Member=C41
Removed Member From Class: ClassName=Main Member=JP2
Removed Member From Class: ClassName=Main Member=R44
Removed Member From Class: ClassName=Main Member=R45
Change Component Footprint: Designator=X1 Old Footprint=SMA Female-RA New Footprint=u.Fl 3P
Change Component Footprint: Designator=X2 Old Footprint=SMA Female-RA New Footprint=u.Fl 3P
Change Component Comment : Designator=X1 Old Comment=SMA New Comment=u.Fl
Change Component Comment : Designator=X2 Old Comment=SMA New Comment=u.Fl
Change component parameters: Designator = "X1" ("X1"); Footprint = "SMA Female-RA"; UniqueID = "\LFYWKOQH" ("\LFYWKOQH")
Change component parameters (AddParameter): Name = "ComponentKind"; Value = ""; VariantName = "[No Variations]"
Change component parameters (AddParameter): Name = "HelpURL"; Value = ""; VariantName = "[No Variations]"
Change component parameters (AddParameter): Name = "Manufacturer"; Value = "Hirose Electric Co Ltd"; VariantName = "[No Variations]"
Change component parameters (AddParameter): Name = "Model"; Value = "U.FL-R-SMT(01)"; VariantName = "[No Variations]"
Change component parameters: Designator = "X2" ("X2"); Footprint = "SMA Female-RA"; UniqueID = "\ESTAIBNB" ("\ESTAIBNB")
Change component parameters (AddParameter): Name = "ComponentKind"; Value = ""; VariantName = "[No Variations]"
Change component parameters (AddParameter): Name = "HelpURL"; Value = ""; VariantName = "[No Variations]"
Change component parameters (AddParameter): Name = "Manufacturer"; Value = "Hirose Electric Co Ltd"; VariantName = "[No Variations]"
Change component parameters (AddParameter): Name = "Model"; Value = "U.FL-R-SMT(01)"; VariantName = "[No Variations]"
Add Pin To Net: Unknown Pin: Pin JP1-A2
Add Pin To Net: Unknown Pin: Pin JP1-A3
Add Pin To Net: Unknown Pin: Pin JP1-A10
Add Pin To Net: Unknown Pin: Pin JP1-A11
Add Pin To Net: Unknown Pin: Pin JP1-B2
Add Pin To Net: Unknown Pin: Pin JP1-B3
Add Pin To Net: Unknown Pin: Pin JP1-B10
Add Pin To Net: Unknown Pin: Pin JP1-B11
Added Pin To Net: NetName=GNSS_ANT Pin=X1-S
Added Pin To Net: NetName=RF_ANT Pin=X2-S
