Removed Pin From Net: NetName=3.3V_RPI Pin=FB1-1
Removed Member From Class: ClassName=Main Member=FB1
Removed Member From Class: ClassName=Main Member=FB2
Added Pin To Net: NetName=3.3V_RPI Pin=C7-1
Added Pin To Net: NetName=GND Pin=C7-2
Added Pin To Net: NetName=GND Pin=C8-1
Added Pin To Net: NetName=3.3V_RPI Pin=C8-2
Add Pin To Net: Unknown Pin: Pin JP1-A2
Add Pin To Net: Unknown Pin: Pin JP1-A3
Add Pin To Net: Unknown Pin: Pin JP1-A10
Add Pin To Net: Unknown Pin: Pin JP1-A11
Add Pin To Net: Unknown Pin: Pin JP1-B2
Add Pin To Net: Unknown Pin: Pin JP1-B3
Add Pin To Net: Unknown Pin: Pin JP1-B10
Add Pin To Net: Unknown Pin: Pin JP1-B11
Added Pin To Net: NetName=3.3V_RPI Pin=R12-1
Added Pin To Net: NetName=GND Pin=R13-1
Added Pin To Net: NetName=GND Pin=R14-1
Added Pin To Net: NetName=GND Pin=U4-3
Added Pin To Net: NetName=3.3V_RPI Pin=U4-8
