Removed Pin From Net: NetName=3.3V_RPI Pin=LED7-1
Removed Member From Class: ClassName=Main Member=LED7
Added Component: Designator=LED?(LED 0603Y)
Add component (AddParameter): Name = "BOM??"; Value = "??LED"; VariantName = "[No Variations]"
Add component (AddParameter): Name = "????"; Value = "www.ooocke.com"; VariantName = "[No Variations]"
Add component (AddParameter): Name = "????"; Value = "???"; VariantName = "[No Variations]"
Add Pin To Net: Unknown Pin: Pin JP1-A2
Add Pin To Net: Unknown Pin: Pin JP1-A3
Add Pin To Net: Unknown Pin: Pin JP1-A10
Add Pin To Net: Unknown Pin: Pin JP1-A11
Add Pin To Net: Unknown Pin: Pin JP1-B2
Add Pin To Net: Unknown Pin: Pin JP1-B3
Add Pin To Net: Unknown Pin: Pin JP1-B10
Add Pin To Net: Unknown Pin: Pin JP1-B11
Change Net Name : Old Net Name=1.8V_RPI New Net Name=1.8V
Change Net Name : Old Net Name=3.3V_RPI New Net Name=3.3V
Added Pin To Net: NetName=3.3V  Pin=LED?-1
Added Net: Name=3.3V 
Added Pin To Net: NetName=NetLED?_2 Pin=LED?-2
Added Pin To Net: NetName=NetLED?_2 Pin=R39-1
Added Net: Name=NetLED?_2
Added Member To Class: ClassName=Main Member=Component LED? LED-SMD
