Added Component: Designator=C1(C 0603)
Add component (AddParameter): Name = "BOM??"; Value = "???????"; VariantName = "[No Variations]"
Add component (AddParameter): Name = "????"; Value = "www.ooocke.com"; VariantName = "[No Variations]"
Add component (AddParameter): Name = "????"; Value = "???"; VariantName = "[No Variations]"
Added Component: Designator=C2(C 0603)
Add component (AddParameter): Name = "BOM??"; Value = "???????"; VariantName = "[No Variations]"
Add component (AddParameter): Name = "????"; Value = "www.ooocke.com"; VariantName = "[No Variations]"
Add component (AddParameter): Name = "????"; Value = "???"; VariantName = "[No Variations]"
Added Component: Designator=C3(C 0603)
Add component (AddParameter): Name = "BOM??"; Value = "???????"; VariantName = "[No Variations]"
Add component (AddParameter): Name = "????"; Value = "www.ooocke.com"; VariantName = "[No Variations]"
Add component (AddParameter): Name = "????"; Value = "???"; VariantName = "[No Variations]"
Added Component: Designator=C4(C 0603)
Add component (AddParameter): Name = "BOM??"; Value = "???????"; VariantName = "[No Variations]"
Add component (AddParameter): Name = "????"; Value = "www.ooocke.com"; VariantName = "[No Variations]"
Add component (AddParameter): Name = "????"; Value = "???"; VariantName = "[No Variations]"
Added Component: Designator=C5(C 0603)
Add component (AddParameter): Name = "BOM??"; Value = "???????"; VariantName = "[No Variations]"
Add component (AddParameter): Name = "????"; Value = "www.ooocke.com"; VariantName = "[No Variations]"
Add component (AddParameter): Name = "????"; Value = "???"; VariantName = "[No Variations]"
Added Component: Designator=C6(C 0603)
Add component (AddParameter): Name = "BOM??"; Value = "???????"; VariantName = "[No Variations]"
Add component (AddParameter): Name = "????"; Value = "www.ooocke.com"; VariantName = "[No Variations]"
Add component (AddParameter): Name = "????"; Value = "???"; VariantName = "[No Variations]"
Added Component: Designator=C7(C 0603)
Add component (AddParameter): Name = "BOM??"; Value = "???????"; VariantName = "[No Variations]"
Add component (AddParameter): Name = "????"; Value = "www.ooocke.com"; VariantName = "[No Variations]"
Add component (AddParameter): Name = "????"; Value = "???"; VariantName = "[No Variations]"
Added Component: Designator=C8(C 0603)
Add component (AddParameter): Name = "BOM??"; Value = "???????"; VariantName = "[No Variations]"
Add component (AddParameter): Name = "????"; Value = "www.ooocke.com"; VariantName = "[No Variations]"
Add component (AddParameter): Name = "????"; Value = "???"; VariantName = "[No Variations]"
Added Component: Designator=C9(C 0603)
Add component (AddParameter): Name = "BOM??"; Value = "???????"; VariantName = "[No Variations]"
Add component (AddParameter): Name = "????"; Value = "www.ooocke.com"; VariantName = "[No Variations]"
Add component (AddParameter): Name = "????"; Value = "???"; VariantName = "[No Variations]"
Added Component: Designator=C10(C 0603)
Add component (AddParameter): Name = "BOM??"; Value = "???????"; VariantName = "[No Variations]"
Add component (AddParameter): Name = "????"; Value = "www.ooocke.com"; VariantName = "[No Variations]"
Add component (AddParameter): Name = "????"; Value = "???"; VariantName = "[No Variations]"
Added Component: Designator=C11(C 0603)
Add component (AddParameter): Name = "BOM??"; Value = "???????"; VariantName = "[No Variations]"
Add component (AddParameter): Name = "????"; Value = "www.ooocke.com"; VariantName = "[No Variations]"
Add component (AddParameter): Name = "????"; Value = "???"; VariantName = "[No Variations]"
Added Component: Designator=C12(C 0603)
Add component (AddParameter): Name = "BOM??"; Value = "???????"; VariantName = "[No Variations]"
Add component (AddParameter): Name = "????"; Value = "www.ooocke.com"; VariantName = "[No Variations]"
Add component (AddParameter): Name = "????"; Value = "???"; VariantName = "[No Variations]"
Added Component: Designator=C13(C 0603)
Add component (AddParameter): Name = "BOM??"; Value = "???????"; VariantName = "[No Variations]"
Add component (AddParameter): Name = "????"; Value = "www.ooocke.com"; VariantName = "[No Variations]"
Add component (AddParameter): Name = "????"; Value = "???"; VariantName = "[No Variations]"
Added Component: Designator=C14(C 0603)
Add component (AddParameter): Name = "BOM??"; Value = "???????"; VariantName = "[No Variations]"
Add component (AddParameter): Name = "????"; Value = "www.ooocke.com"; VariantName = "[No Variations]"
Add component (AddParameter): Name = "????"; Value = "???"; VariantName = "[No Variations]"
Added Component: Designator=C15(C 0805)
Add component (AddParameter): Name = "BOM??"; Value = "???????"; VariantName = "[No Variations]"
Add component (AddParameter): Name = "????"; Value = "www.ooocke.com"; VariantName = "[No Variations]"
Add component (AddParameter): Name = "????"; Value = "???"; VariantName = "[No Variations]"
Added Component: Designator=C16(C 0805)
Add component (AddParameter): Name = "BOM??"; Value = "???????"; VariantName = "[No Variations]"
Add component (AddParameter): Name = "????"; Value = "www.ooocke.com"; VariantName = "[No Variations]"
Add component (AddParameter): Name = "????"; Value = "???"; VariantName = "[No Variations]"
Added Component: Designator=C17(C 0805)
Add component (AddParameter): Name = "BOM??"; Value = "???????"; VariantName = "[No Variations]"
Add component (AddParameter): Name = "????"; Value = "www.ooocke.com"; VariantName = "[No Variations]"
Add component (AddParameter): Name = "????"; Value = "???"; VariantName = "[No Variations]"
Added Component: Designator=C18(C 0805)
Add component (AddParameter): Name = "BOM??"; Value = "???????"; VariantName = "[No Variations]"
Add component (AddParameter): Name = "????"; Value = "www.ooocke.com"; VariantName = "[No Variations]"
Add component (AddParameter): Name = "????"; Value = "???"; VariantName = "[No Variations]"
Added Component: Designator=C19(CD D(7343))
Add component (AddParameter): Name = "Code_JEITA"; Value = "3528-21"; VariantName = "[No Variations]"
Add component (AddParameter): Name = "ComponentLink1Description"; Value = "Manufacturer Link"; VariantName = "[No Variations]"
Add component (AddParameter): Name = "ComponentLink1URL"; Value = "http://www.kemet.com/"; VariantName = "[No Variations]"
Add component (AddParameter): Name = "ComponentLink2Description"; Value = "Datasheet"; VariantName = "[No Variations]"
Add component (AddParameter): Name = "ComponentLink2URL"; Value = "http://www.kemet.com/kemet/web/homepage/kechome.nsf/vapubfilesname/F3102TA.pdf/$file/F3102TA.pdf"; VariantName = "[No Variations]"
Add component (AddParameter): Name = "DatasheetDocument"; Value = "Mar-2001"; VariantName = "[No Variations]"
Add component (AddParameter): Name = "LatestRevisionDate"; Value = "19-Mar-2004"; VariantName = "[No Variations]"
Add component (AddParameter): Name = "LatestRevisionNote"; Value = "Silkscreen dimensions re-sized."; VariantName = "[No Variations]"
Add component (AddParameter): Name = "PackageDocument"; Value = "Mar-2001"; VariantName = "[No Variations]"
Add component (AddParameter): Name = "PackageReference"; Value = "B"; VariantName = "[No Variations]"
Add component (AddParameter): Name = "Published"; Value = "17-Jul-2002"; VariantName = "[No Variations]"
Add component (AddParameter): Name = "Publisher"; Value = "Altium Limited"; VariantName = "[No Variations]"
Added Component: Designator=C20(C 0603)
Add component (AddParameter): Name = "BOM??"; Value = "???????"; VariantName = "[No Variations]"
Add component (AddParameter): Name = "????"; Value = "www.ooocke.com"; VariantName = "[No Variations]"
Add component (AddParameter): Name = "????"; Value = "???"; VariantName = "[No Variations]"
Added Component: Designator=C21(C 0805)
Add component (AddParameter): Name = "BOM??"; Value = "???????"; VariantName = "[No Variations]"
Add component (AddParameter): Name = "????"; Value = "www.ooocke.com"; VariantName = "[No Variations]"
Add component (AddParameter): Name = "????"; Value = "???"; VariantName = "[No Variations]"
Added Component: Designator=C22(C 0805)
Add component (AddParameter): Name = "BOM??"; Value = "???????"; VariantName = "[No Variations]"
Add component (AddParameter): Name = "????"; Value = "www.ooocke.com"; VariantName = "[No Variations]"
Add component (AddParameter): Name = "????"; Value = "???"; VariantName = "[No Variations]"
Added Component: Designator=C23(C 0805)
Add component (AddParameter): Name = "BOM??"; Value = "???????"; VariantName = "[No Variations]"
Add component (AddParameter): Name = "????"; Value = "www.ooocke.com"; VariantName = "[No Variations]"
Add component (AddParameter): Name = "????"; Value = "???"; VariantName = "[No Variations]"
Added Component: Designator=C24(C 0805)
Add component (AddParameter): Name = "BOM??"; Value = "???????"; VariantName = "[No Variations]"
Add component (AddParameter): Name = "????"; Value = "www.ooocke.com"; VariantName = "[No Variations]"
Add component (AddParameter): Name = "????"; Value = "???"; VariantName = "[No Variations]"
Added Component: Designator=C25(C 0805)
Add component (AddParameter): Name = "BOM??"; Value = "???????"; VariantName = "[No Variations]"
Add component (AddParameter): Name = "????"; Value = "www.ooocke.com"; VariantName = "[No Variations]"
Add component (AddParameter): Name = "????"; Value = "???"; VariantName = "[No Variations]"
Added Component: Designator=C26(C 0805)
Add component (AddParameter): Name = "BOM??"; Value = "???????"; VariantName = "[No Variations]"
Add component (AddParameter): Name = "????"; Value = "www.ooocke.com"; VariantName = "[No Variations]"
Add component (AddParameter): Name = "????"; Value = "???"; VariantName = "[No Variations]"
Added Component: Designator=C27(C 0603)
Add component (AddParameter): Name = "BOM??"; Value = "???????"; VariantName = "[No Variations]"
Add component (AddParameter): Name = "????"; Value = "www.ooocke.com"; VariantName = "[No Variations]"
Add component (AddParameter): Name = "????"; Value = "???"; VariantName = "[No Variations]"
Added Component: Designator=C28(C 0603)
Add component (AddParameter): Name = "BOM??"; Value = "???????"; VariantName = "[No Variations]"
Add component (AddParameter): Name = "????"; Value = "www.ooocke.com"; VariantName = "[No Variations]"
Add component (AddParameter): Name = "????"; Value = "???"; VariantName = "[No Variations]"
Added Component: Designator=C29(C 0603)
Add component (AddParameter): Name = "BOM??"; Value = "???????"; VariantName = "[No Variations]"
Add component (AddParameter): Name = "????"; Value = "www.ooocke.com"; VariantName = "[No Variations]"
Add component (AddParameter): Name = "????"; Value = "???"; VariantName = "[No Variations]"
Added Component: Designator=C30(C 0603)
Add component (AddParameter): Name = "BOM??"; Value = "???????"; VariantName = "[No Variations]"
Add component (AddParameter): Name = "????"; Value = "www.ooocke.com"; VariantName = "[No Variations]"
Add component (AddParameter): Name = "????"; Value = "???"; VariantName = "[No Variations]"
Added Component: Designator=C31(C 0603)
Add component (AddParameter): Name = "BOM??"; Value = "???????"; VariantName = "[No Variations]"
Add component (AddParameter): Name = "????"; Value = "www.ooocke.com"; VariantName = "[No Variations]"
Add component (AddParameter): Name = "????"; Value = "???"; VariantName = "[No Variations]"
Added Component: Designator=C32(CD C(6032))
Add component (AddParameter): Name = "Code_JEITA"; Value = "3528-21"; VariantName = "[No Variations]"
Add component (AddParameter): Name = "ComponentLink1Description"; Value = "Manufacturer Link"; VariantName = "[No Variations]"
Add component (AddParameter): Name = "ComponentLink1URL"; Value = "http://www.kemet.com/"; VariantName = "[No Variations]"
Add component (AddParameter): Name = "ComponentLink2Description"; Value = "Datasheet"; VariantName = "[No Variations]"
Add component (AddParameter): Name = "ComponentLink2URL"; Value = "http://www.kemet.com/kemet/web/homepage/kechome.nsf/vapubfilesname/F3102TA.pdf/$file/F3102TA.pdf"; VariantName = "[No Variations]"
Add component (AddParameter): Name = "DatasheetDocument"; Value = "Mar-2001"; VariantName = "[No Variations]"
Add component (AddParameter): Name = "LatestRevisionDate"; Value = "19-Mar-2004"; VariantName = "[No Variations]"
Add component (AddParameter): Name = "LatestRevisionNote"; Value = "Silkscreen dimensions re-sized."; VariantName = "[No Variations]"
Add component (AddParameter): Name = "PackageDocument"; Value = "Mar-2001"; VariantName = "[No Variations]"
Add component (AddParameter): Name = "PackageReference"; Value = "B"; VariantName = "[No Variations]"
Add component (AddParameter): Name = "Published"; Value = "17-Jul-2002"; VariantName = "[No Variations]"
Add component (AddParameter): Name = "Publisher"; Value = "Altium Limited"; VariantName = "[No Variations]"
Added Component: Designator=C33(C 0603)
Add component (AddParameter): Name = "BOM??"; Value = "???????"; VariantName = "[No Variations]"
Add component (AddParameter): Name = "????"; Value = "www.ooocke.com"; VariantName = "[No Variations]"
Add component (AddParameter): Name = "????"; Value = "???"; VariantName = "[No Variations]"
Added Component: Designator=C34(C 0603)
Add component (AddParameter): Name = "BOM??"; Value = "???????"; VariantName = "[No Variations]"
Add component (AddParameter): Name = "????"; Value = "www.ooocke.com"; VariantName = "[No Variations]"
Add component (AddParameter): Name = "????"; Value = "???"; VariantName = "[No Variations]"
Added Component: Designator=C35(C 0603)
Add component (AddParameter): Name = "BOM??"; Value = "???????"; VariantName = "[No Variations]"
Add component (AddParameter): Name = "????"; Value = "www.ooocke.com"; VariantName = "[No Variations]"
Add component (AddParameter): Name = "????"; Value = "???"; VariantName = "[No Variations]"
Added Component: Designator=C36(C 0603)
Add component (AddParameter): Name = "BOM??"; Value = "???????"; VariantName = "[No Variations]"
Add component (AddParameter): Name = "????"; Value = "www.ooocke.com"; VariantName = "[No Variations]"
Add component (AddParameter): Name = "????"; Value = "???"; VariantName = "[No Variations]"
Added Component: Designator=C37(C 0603)
Add component (AddParameter): Name = "BOM??"; Value = "???????"; VariantName = "[No Variations]"
Add component (AddParameter): Name = "????"; Value = "www.ooocke.com"; VariantName = "[No Variations]"
Add component (AddParameter): Name = "????"; Value = "???"; VariantName = "[No Variations]"
Added Component: Designator=C38(C 0603)
Add component (AddParameter): Name = "BOM??"; Value = "???????"; VariantName = "[No Variations]"
Add component (AddParameter): Name = "????"; Value = "www.ooocke.com"; VariantName = "[No Variations]"
Add component (AddParameter): Name = "????"; Value = "???"; VariantName = "[No Variations]"
Added Component: Designator=C39(C 0603)
Add component (AddParameter): Name = "BOM??"; Value = "???????"; VariantName = "[No Variations]"
Add component (AddParameter): Name = "????"; Value = "www.ooocke.com"; VariantName = "[No Variations]"
Add component (AddParameter): Name = "????"; Value = "???"; VariantName = "[No Variations]"
Added Component: Designator=C40(C 0603)
Add component (AddParameter): Name = "BOM??"; Value = "???????"; VariantName = "[No Variations]"
Add component (AddParameter): Name = "????"; Value = "www.ooocke.com"; VariantName = "[No Variations]"
Add component (AddParameter): Name = "????"; Value = "???"; VariantName = "[No Variations]"
Added Component: Designator=C41(C 0603)
Add component (AddParameter): Name = "BOM??"; Value = "???????"; VariantName = "[No Variations]"
Add component (AddParameter): Name = "????"; Value = "www.ooocke.com"; VariantName = "[No Variations]"
Add component (AddParameter): Name = "????"; Value = "???"; VariantName = "[No Variations]"
Added Component: Designator=C42(C 0603)
Add component (AddParameter): Name = "BOM??"; Value = "???????"; VariantName = "[No Variations]"
Add component (AddParameter): Name = "????"; Value = "www.ooocke.com"; VariantName = "[No Variations]"
Add component (AddParameter): Name = "????"; Value = "???"; VariantName = "[No Variations]"
Added Component: Designator=C43(C 0603)
Add component (AddParameter): Name = "BOM??"; Value = "???????"; VariantName = "[No Variations]"
Add component (AddParameter): Name = "????"; Value = "www.ooocke.com"; VariantName = "[No Variations]"
Add component (AddParameter): Name = "????"; Value = "???"; VariantName = "[No Variations]"
Added Component: Designator=C44(C 0603)
Add component (AddParameter): Name = "BOM??"; Value = "???????"; VariantName = "[No Variations]"
Add component (AddParameter): Name = "????"; Value = "www.ooocke.com"; VariantName = "[No Variations]"
Add component (AddParameter): Name = "????"; Value = "???"; VariantName = "[No Variations]"
Added Component: Designator=C45(C 0603)
Add component (AddParameter): Name = "BOM??"; Value = "???????"; VariantName = "[No Variations]"
Add component (AddParameter): Name = "????"; Value = "www.ooocke.com"; VariantName = "[No Variations]"
Add component (AddParameter): Name = "????"; Value = "???"; VariantName = "[No Variations]"
Added Component: Designator=C46(C 0603)
Add component (AddParameter): Name = "BOM??"; Value = "???????"; VariantName = "[No Variations]"
Add component (AddParameter): Name = "????"; Value = "www.ooocke.com"; VariantName = "[No Variations]"
Add component (AddParameter): Name = "????"; Value = "???"; VariantName = "[No Variations]"
Added Component: Designator=C47(C 0603)
Add component (AddParameter): Name = "BOM??"; Value = "???????"; VariantName = "[No Variations]"
Add component (AddParameter): Name = "????"; Value = "www.ooocke.com"; VariantName = "[No Variations]"
Add component (AddParameter): Name = "????"; Value = "???"; VariantName = "[No Variations]"
Added Component: Designator=C48(C 0603)
Add component (AddParameter): Name = "BOM??"; Value = "???????"; VariantName = "[No Variations]"
Add component (AddParameter): Name = "????"; Value = "www.ooocke.com"; VariantName = "[No Variations]"
Add component (AddParameter): Name = "????"; Value = "???"; VariantName = "[No Variations]"
Added Component: Designator=CON1(FFC_0.5_15)
Added Component: Designator=F1(SSOP8_L)
Added Component: Designator=FB1(F 0805)
Add component (AddParameter): Name = "BOM??"; Value = "????"; VariantName = "[No Variations]"
Add component (AddParameter): Name = "????"; Value = "www.ooocke.com"; VariantName = "[No Variations]"
Add component (AddParameter): Name = "????"; Value = "???"; VariantName = "[No Variations]"
Added Component: Designator=FB2(F 0805)
Add component (AddParameter): Name = "BOM??"; Value = "????"; VariantName = "[No Variations]"
Add component (AddParameter): Name = "????"; Value = "www.ooocke.com"; VariantName = "[No Variations]"
Add component (AddParameter): Name = "????"; Value = "???"; VariantName = "[No Variations]"
Added Component: Designator=JP1(USB-C-RIGHT)
Added Component: Designator=JP2(HDR-8X2)
Add component (AddParameter): Name = "BOM??"; Value = "8*2P???"; VariantName = "[No Variations]"
Add component (AddParameter): Name = "????"; Value = "www.ooocke.com"; VariantName = "[No Variations]"
Add component (AddParameter): Name = "????"; Value = "???"; VariantName = "[No Variations]"
Added Component: Designator=JP3(HDR-6X2)
Add component (AddParameter): Name = "BOM??"; Value = "6*2P???"; VariantName = "[No Variations]"
Add component (AddParameter): Name = "????"; Value = "www.ooocke.com"; VariantName = "[No Variations]"
Add component (AddParameter): Name = "????"; Value = "???"; VariantName = "[No Variations]"
Added Component: Designator=L1(LED 0805G)
Add component (AddParameter): Name = "BOM??"; Value = "??LED"; VariantName = "[No Variations]"
Add component (AddParameter): Name = "????"; Value = "www.ooocke.com"; VariantName = "[No Variations]"
Add component (AddParameter): Name = "????"; Value = "???"; VariantName = "[No Variations]"
Added Component: Designator=L2(LED 0805R)
Add component (AddParameter): Name = "BOM??"; Value = "??LED"; VariantName = "[No Variations]"
Add component (AddParameter): Name = "????"; Value = "www.ooocke.com"; VariantName = "[No Variations]"
Add component (AddParameter): Name = "????"; Value = "???"; VariantName = "[No Variations]"
Added Component: Designator=L3(CD53)
Add component (AddParameter): Name = "BOM??"; Value = "????"; VariantName = "[No Variations]"
Add component (AddParameter): Name = "????"; Value = "www.ooocke.com"; VariantName = "[No Variations]"
Add component (AddParameter): Name = "????"; Value = "???"; VariantName = "[No Variations]"
Added Component: Designator=LED1(LED 0805R)
Add component (AddParameter): Name = "BOM??"; Value = "??LED"; VariantName = "[No Variations]"
Add component (AddParameter): Name = "????"; Value = "www.ooocke.com"; VariantName = "[No Variations]"
Add component (AddParameter): Name = "????"; Value = "???"; VariantName = "[No Variations]"
Added Component: Designator=LED2(LED 0603R)
Add component (AddParameter): Name = "BOM??"; Value = "??LED"; VariantName = "[No Variations]"
Add component (AddParameter): Name = "????"; Value = "www.ooocke.com"; VariantName = "[No Variations]"
Add component (AddParameter): Name = "????"; Value = "???"; VariantName = "[No Variations]"
Added Component: Designator=LED3(551-1307F)
Added Component: Designator=LED4(551-1107F)
Added Component: Designator=LED5(551-1307F)
Added Component: Designator=LED6(LED 0603R)
Add component (AddParameter): Name = "BOM??"; Value = "??LED"; VariantName = "[No Variations]"
Add component (AddParameter): Name = "????"; Value = "www.ooocke.com"; VariantName = "[No Variations]"
Add component (AddParameter): Name = "????"; Value = "???"; VariantName = "[No Variations]"
Added Component: Designator=LED7(LED 0805G)
Add component (AddParameter): Name = "BOM??"; Value = "??LED"; VariantName = "[No Variations]"
Add component (AddParameter): Name = "????"; Value = "www.ooocke.com"; VariantName = "[No Variations]"
Add component (AddParameter): Name = "????"; Value = "???"; VariantName = "[No Variations]"
Added Component: Designator=M1(CM4)
Added Component: Designator=M2(E01-ML01DP5)
Added Component: Designator=MicroSD1(micro SD Card)
Added Component: Designator=MicroSD2(micro SD Card)
Added Component: Designator=R1(R 0603)
Add component (AddParameter): Name = "BOM??"; Value = "Chip resistor"; VariantName = "[No Variations]"
Add component (AddParameter): Name = "????"; Value = "www.ooocke.com"; VariantName = "[No Variations]"
Add component (AddParameter): Name = "????"; Value = "???"; VariantName = "[No Variations]"
Added Component: Designator=R2(R 0603)
Add component (AddParameter): Name = "BOM??"; Value = "Chip resistor"; VariantName = "[No Variations]"
Add component (AddParameter): Name = "????"; Value = "www.ooocke.com"; VariantName = "[No Variations]"
Add component (AddParameter): Name = "????"; Value = "???"; VariantName = "[No Variations]"
Added Component: Designator=R3(R 0603)
Add component (AddParameter): Name = "BOM??"; Value = "Chip resistor"; VariantName = "[No Variations]"
Add component (AddParameter): Name = "????"; Value = "www.ooocke.com"; VariantName = "[No Variations]"
Add component (AddParameter): Name = "????"; Value = "???"; VariantName = "[No Variations]"
Added Component: Designator=R4(R 0603)
Add component (AddParameter): Name = "BOM??"; Value = "Chip resistor"; VariantName = "[No Variations]"
Add component (AddParameter): Name = "????"; Value = "www.ooocke.com"; VariantName = "[No Variations]"
Add component (AddParameter): Name = "????"; Value = "???"; VariantName = "[No Variations]"
Added Component: Designator=R5(R 0603)
Add component (AddParameter): Name = "BOM??"; Value = "Chip resistor"; VariantName = "[No Variations]"
Add component (AddParameter): Name = "????"; Value = "www.ooocke.com"; VariantName = "[No Variations]"
Add component (AddParameter): Name = "????"; Value = "???"; VariantName = "[No Variations]"
Added Component: Designator=R6(R 0603)
Add component (AddParameter): Name = "BOM??"; Value = "Chip resistor"; VariantName = "[No Variations]"
Add component (AddParameter): Name = "????"; Value = "www.ooocke.com"; VariantName = "[No Variations]"
Add component (AddParameter): Name = "????"; Value = "???"; VariantName = "[No Variations]"
Added Component: Designator=R7(R 0603)
Add component (AddParameter): Name = "BOM??"; Value = "Chip resistor"; VariantName = "[No Variations]"
Add component (AddParameter): Name = "????"; Value = "www.ooocke.com"; VariantName = "[No Variations]"
Add component (AddParameter): Name = "????"; Value = "???"; VariantName = "[No Variations]"
Added Component: Designator=R8(R 0603)
Add component (AddParameter): Name = "BOM??"; Value = "Chip resistor"; VariantName = "[No Variations]"
Add component (AddParameter): Name = "????"; Value = "www.ooocke.com"; VariantName = "[No Variations]"
Add component (AddParameter): Name = "????"; Value = "???"; VariantName = "[No Variations]"
Added Component: Designator=R9(R 0603)
Add component (AddParameter): Name = "BOM??"; Value = "Chip resistor"; VariantName = "[No Variations]"
Add component (AddParameter): Name = "????"; Value = "www.ooocke.com"; VariantName = "[No Variations]"
Add component (AddParameter): Name = "????"; Value = "???"; VariantName = "[No Variations]"
Added Component: Designator=R10(R 0603)
Add component (AddParameter): Name = "BOM??"; Value = "Chip resistor"; VariantName = "[No Variations]"
Add component (AddParameter): Name = "????"; Value = "www.ooocke.com"; VariantName = "[No Variations]"
Add component (AddParameter): Name = "????"; Value = "???"; VariantName = "[No Variations]"
Added Component: Designator=R11(R 0603)
Add component (AddParameter): Name = "BOM??"; Value = "Chip resistor"; VariantName = "[No Variations]"
Add component (AddParameter): Name = "????"; Value = "www.ooocke.com"; VariantName = "[No Variations]"
Add component (AddParameter): Name = "????"; Value = "???"; VariantName = "[No Variations]"
Added Component: Designator=R12(R 0603)
Add component (AddParameter): Name = "BOM??"; Value = "Chip resistor"; VariantName = "[No Variations]"
Add component (AddParameter): Name = "????"; Value = "www.ooocke.com"; VariantName = "[No Variations]"
Add component (AddParameter): Name = "????"; Value = "???"; VariantName = "[No Variations]"
Added Component: Designator=R13(R 0603)
Add component (AddParameter): Name = "BOM??"; Value = "Chip resistor"; VariantName = "[No Variations]"
Add component (AddParameter): Name = "????"; Value = "www.ooocke.com"; VariantName = "[No Variations]"
Add component (AddParameter): Name = "????"; Value = "???"; VariantName = "[No Variations]"
Added Component: Designator=R14(R 0603)
Add component (AddParameter): Name = "BOM??"; Value = "Chip resistor"; VariantName = "[No Variations]"
Add component (AddParameter): Name = "????"; Value = "www.ooocke.com"; VariantName = "[No Variations]"
Add component (AddParameter): Name = "????"; Value = "???"; VariantName = "[No Variations]"
Added Component: Designator=R15(R 0603)
Add component (AddParameter): Name = "BOM??"; Value = "Chip resistor"; VariantName = "[No Variations]"
Add component (AddParameter): Name = "????"; Value = "www.ooocke.com"; VariantName = "[No Variations]"
Add component (AddParameter): Name = "????"; Value = "???"; VariantName = "[No Variations]"
Added Component: Designator=R16(R 0603)
Add component (AddParameter): Name = "BOM??"; Value = "Chip resistor"; VariantName = "[No Variations]"
Add component (AddParameter): Name = "????"; Value = "www.ooocke.com"; VariantName = "[No Variations]"
Add component (AddParameter): Name = "????"; Value = "???"; VariantName = "[No Variations]"
Added Component: Designator=R17(R 0603)
Add component (AddParameter): Name = "BOM??"; Value = "Chip resistor"; VariantName = "[No Variations]"
Add component (AddParameter): Name = "????"; Value = "www.ooocke.com"; VariantName = "[No Variations]"
Add component (AddParameter): Name = "????"; Value = "???"; VariantName = "[No Variations]"
Added Component: Designator=R18(R 0603)
Add component (AddParameter): Name = "BOM??"; Value = "Chip resistor"; VariantName = "[No Variations]"
Add component (AddParameter): Name = "????"; Value = "www.ooocke.com"; VariantName = "[No Variations]"
Add component (AddParameter): Name = "????"; Value = "???"; VariantName = "[No Variations]"
Added Component: Designator=R19(R 0603)
Add component (AddParameter): Name = "BOM??"; Value = "Chip resistor"; VariantName = "[No Variations]"
Add component (AddParameter): Name = "????"; Value = "www.ooocke.com"; VariantName = "[No Variations]"
Add component (AddParameter): Name = "????"; Value = "???"; VariantName = "[No Variations]"
Added Component: Designator=R20(R 0603)
Add component (AddParameter): Name = "BOM??"; Value = "Chip resistor"; VariantName = "[No Variations]"
Add component (AddParameter): Name = "????"; Value = "www.ooocke.com"; VariantName = "[No Variations]"
Add component (AddParameter): Name = "????"; Value = "???"; VariantName = "[No Variations]"
Added Component: Designator=R21(R 0603)
Add component (AddParameter): Name = "BOM??"; Value = "Chip resistor"; VariantName = "[No Variations]"
Add component (AddParameter): Name = "????"; Value = "www.ooocke.com"; VariantName = "[No Variations]"
Add component (AddParameter): Name = "????"; Value = "???"; VariantName = "[No Variations]"
Added Component: Designator=R22(R 0603)
Add component (AddParameter): Name = "BOM??"; Value = "Chip resistor"; VariantName = "[No Variations]"
Add component (AddParameter): Name = "????"; Value = "www.ooocke.com"; VariantName = "[No Variations]"
Add component (AddParameter): Name = "????"; Value = "???"; VariantName = "[No Variations]"
Added Component: Designator=R23(R 0603)
Add component (AddParameter): Name = "BOM??"; Value = "Chip resistor"; VariantName = "[No Variations]"
Add component (AddParameter): Name = "????"; Value = "www.ooocke.com"; VariantName = "[No Variations]"
Add component (AddParameter): Name = "????"; Value = "???"; VariantName = "[No Variations]"
Added Component: Designator=R24(R 0603)
Add component (AddParameter): Name = "BOM??"; Value = "Chip resistor"; VariantName = "[No Variations]"
Add component (AddParameter): Name = "????"; Value = "www.ooocke.com"; VariantName = "[No Variations]"
Add component (AddParameter): Name = "????"; Value = "???"; VariantName = "[No Variations]"
Added Component: Designator=R25(R 0603)
Add component (AddParameter): Name = "BOM??"; Value = "Chip resistor"; VariantName = "[No Variations]"
Add component (AddParameter): Name = "????"; Value = "www.ooocke.com"; VariantName = "[No Variations]"
Add component (AddParameter): Name = "????"; Value = "???"; VariantName = "[No Variations]"
Added Component: Designator=R26(R 0603)
Add component (AddParameter): Name = "BOM??"; Value = "Chip resistor"; VariantName = "[No Variations]"
Add component (AddParameter): Name = "????"; Value = "www.ooocke.com"; VariantName = "[No Variations]"
Add component (AddParameter): Name = "????"; Value = "???"; VariantName = "[No Variations]"
Added Component: Designator=R27(R 0603)
Add component (AddParameter): Name = "BOM??"; Value = "Chip resistor"; VariantName = "[No Variations]"
Add component (AddParameter): Name = "????"; Value = "www.ooocke.com"; VariantName = "[No Variations]"
Add component (AddParameter): Name = "????"; Value = "???"; VariantName = "[No Variations]"
Added Component: Designator=R28(R 0603)
Add component (AddParameter): Name = "BOM??"; Value = "Chip resistor"; VariantName = "[No Variations]"
Add component (AddParameter): Name = "????"; Value = "www.ooocke.com"; VariantName = "[No Variations]"
Add component (AddParameter): Name = "????"; Value = "???"; VariantName = "[No Variations]"
Added Component: Designator=R29(R 0603)
Add component (AddParameter): Name = "BOM??"; Value = "Chip resistor"; VariantName = "[No Variations]"
Add component (AddParameter): Name = "????"; Value = "www.ooocke.com"; VariantName = "[No Variations]"
Add component (AddParameter): Name = "????"; Value = "???"; VariantName = "[No Variations]"
Added Component: Designator=R30(R 0603)
Add component (AddParameter): Name = "BOM??"; Value = "Chip resistor"; VariantName = "[No Variations]"
Add component (AddParameter): Name = "????"; Value = "www.ooocke.com"; VariantName = "[No Variations]"
Add component (AddParameter): Name = "????"; Value = "???"; VariantName = "[No Variations]"
Added Component: Designator=R31(R 0603)
Add component (AddParameter): Name = "BOM??"; Value = "Chip resistor"; VariantName = "[No Variations]"
Add component (AddParameter): Name = "????"; Value = "www.ooocke.com"; VariantName = "[No Variations]"
Add component (AddParameter): Name = "????"; Value = "???"; VariantName = "[No Variations]"
Added Component: Designator=R32(R 0603)
Add component (AddParameter): Name = "BOM??"; Value = "Chip resistor"; VariantName = "[No Variations]"
Add component (AddParameter): Name = "????"; Value = "www.ooocke.com"; VariantName = "[No Variations]"
Add component (AddParameter): Name = "????"; Value = "???"; VariantName = "[No Variations]"
Added Component: Designator=R33(R 0603)
Add component (AddParameter): Name = "BOM??"; Value = "Chip resistor"; VariantName = "[No Variations]"
Add component (AddParameter): Name = "????"; Value = "www.ooocke.com"; VariantName = "[No Variations]"
Add component (AddParameter): Name = "????"; Value = "???"; VariantName = "[No Variations]"
Added Component: Designator=R34(R 0603)
Add component (AddParameter): Name = "BOM??"; Value = "Chip resistor"; VariantName = "[No Variations]"
Add component (AddParameter): Name = "????"; Value = "www.ooocke.com"; VariantName = "[No Variations]"
Add component (AddParameter): Name = "????"; Value = "???"; VariantName = "[No Variations]"
Added Component: Designator=R35(SOT23-3N)
Add component (AddParameter): Name = "BOM??"; Value = "????-NPN?"; VariantName = "[No Variations]"
Add component (AddParameter): Name = "????"; Value = "www.ooocke.com"; VariantName = "[No Variations]"
Add component (AddParameter): Name = "??"; Value = "40V 1.5A 1W 100MHZ"; VariantName = "[No Variations]"
Add component (AddParameter): Name = "????"; Value = "???"; VariantName = "[No Variations]"
Added Component: Designator=R36(R 0603)
Add component (AddParameter): Name = "BOM??"; Value = "Chip resistor"; VariantName = "[No Variations]"
Add component (AddParameter): Name = "????"; Value = "www.ooocke.com"; VariantName = "[No Variations]"
Add component (AddParameter): Name = "????"; Value = "???"; VariantName = "[No Variations]"
Added Component: Designator=R37(R 0603)
Add component (AddParameter): Name = "BOM??"; Value = "Chip resistor"; VariantName = "[No Variations]"
Add component (AddParameter): Name = "????"; Value = "www.ooocke.com"; VariantName = "[No Variations]"
Add component (AddParameter): Name = "????"; Value = "???"; VariantName = "[No Variations]"
Added Component: Designator=R38(R 0603)
Add component (AddParameter): Name = "BOM??"; Value = "Chip resistor"; VariantName = "[No Variations]"
Add component (AddParameter): Name = "????"; Value = "www.ooocke.com"; VariantName = "[No Variations]"
Add component (AddParameter): Name = "????"; Value = "???"; VariantName = "[No Variations]"
Added Component: Designator=R39(R 0603)
Add component (AddParameter): Name = "BOM??"; Value = "Chip resistor"; VariantName = "[No Variations]"
Add component (AddParameter): Name = "????"; Value = "www.ooocke.com"; VariantName = "[No Variations]"
Add component (AddParameter): Name = "????"; Value = "???"; VariantName = "[No Variations]"
Added Component: Designator=R40(R 0603)
Add component (AddParameter): Name = "BOM??"; Value = "Chip resistor"; VariantName = "[No Variations]"
Add component (AddParameter): Name = "????"; Value = "www.ooocke.com"; VariantName = "[No Variations]"
Add component (AddParameter): Name = "????"; Value = "???"; VariantName = "[No Variations]"
Added Component: Designator=R41(R 0603)
Add component (AddParameter): Name = "BOM??"; Value = "Chip resistor"; VariantName = "[No Variations]"
Add component (AddParameter): Name = "????"; Value = "www.ooocke.com"; VariantName = "[No Variations]"
Add component (AddParameter): Name = "????"; Value = "???"; VariantName = "[No Variations]"
Added Component: Designator=R42(SOT23-3N)
Add component (AddParameter): Name = "BOM??"; Value = "????-NPN?"; VariantName = "[No Variations]"
Add component (AddParameter): Name = "????"; Value = "www.ooocke.com"; VariantName = "[No Variations]"
Add component (AddParameter): Name = "??"; Value = "40V 1.5A 1W 100MHZ"; VariantName = "[No Variations]"
Add component (AddParameter): Name = "????"; Value = "???"; VariantName = "[No Variations]"
Added Component: Designator=R43(R 0603)
Add component (AddParameter): Name = "BOM??"; Value = "Chip resistor"; VariantName = "[No Variations]"
Add component (AddParameter): Name = "????"; Value = "www.ooocke.com"; VariantName = "[No Variations]"
Add component (AddParameter): Name = "????"; Value = "???"; VariantName = "[No Variations]"
Added Component: Designator=R44(R 0603)
Add component (AddParameter): Name = "BOM??"; Value = "Chip resistor"; VariantName = "[No Variations]"
Add component (AddParameter): Name = "????"; Value = "www.ooocke.com"; VariantName = "[No Variations]"
Add component (AddParameter): Name = "????"; Value = "???"; VariantName = "[No Variations]"
Added Component: Designator=R45(R 0603)
Add component (AddParameter): Name = "BOM??"; Value = "Chip resistor"; VariantName = "[No Variations]"
Add component (AddParameter): Name = "????"; Value = "www.ooocke.com"; VariantName = "[No Variations]"
Add component (AddParameter): Name = "????"; Value = "???"; VariantName = "[No Variations]"
Added Component: Designator=R46(R 0603)
Add component (AddParameter): Name = "BOM??"; Value = "Chip resistor"; VariantName = "[No Variations]"
Add component (AddParameter): Name = "????"; Value = "www.ooocke.com"; VariantName = "[No Variations]"
Add component (AddParameter): Name = "????"; Value = "???"; VariantName = "[No Variations]"
Added Component: Designator=R47(R 0603)
Add component (AddParameter): Name = "BOM??"; Value = "Chip resistor"; VariantName = "[No Variations]"
Add component (AddParameter): Name = "????"; Value = "www.ooocke.com"; VariantName = "[No Variations]"
Add component (AddParameter): Name = "????"; Value = "???"; VariantName = "[No Variations]"
Added Component: Designator=R48(R 0603)
Add component (AddParameter): Name = "BOM??"; Value = "Chip resistor"; VariantName = "[No Variations]"
Add component (AddParameter): Name = "????"; Value = "www.ooocke.com"; VariantName = "[No Variations]"
Add component (AddParameter): Name = "????"; Value = "???"; VariantName = "[No Variations]"
Added Component: Designator=R49(R 0603)
Add component (AddParameter): Name = "BOM??"; Value = "Chip resistor"; VariantName = "[No Variations]"
Add component (AddParameter): Name = "????"; Value = "www.ooocke.com"; VariantName = "[No Variations]"
Add component (AddParameter): Name = "????"; Value = "???"; VariantName = "[No Variations]"
Added Component: Designator=R50(R 0603)
Add component (AddParameter): Name = "BOM??"; Value = "Chip resistor"; VariantName = "[No Variations]"
Add component (AddParameter): Name = "????"; Value = "www.ooocke.com"; VariantName = "[No Variations]"
Add component (AddParameter): Name = "????"; Value = "???"; VariantName = "[No Variations]"
Added Component: Designator=R51(R 0603)
Add component (AddParameter): Name = "BOM??"; Value = "Chip resistor"; VariantName = "[No Variations]"
Add component (AddParameter): Name = "????"; Value = "www.ooocke.com"; VariantName = "[No Variations]"
Add component (AddParameter): Name = "????"; Value = "???"; VariantName = "[No Variations]"
Added Component: Designator=R52(R 0603)
Add component (AddParameter): Name = "BOM??"; Value = "Chip resistor"; VariantName = "[No Variations]"
Add component (AddParameter): Name = "????"; Value = "www.ooocke.com"; VariantName = "[No Variations]"
Add component (AddParameter): Name = "????"; Value = "???"; VariantName = "[No Variations]"
Added Component: Designator=R53(R 0603)
Add component (AddParameter): Name = "BOM??"; Value = "Chip resistor"; VariantName = "[No Variations]"
Add component (AddParameter): Name = "????"; Value = "www.ooocke.com"; VariantName = "[No Variations]"
Add component (AddParameter): Name = "????"; Value = "???"; VariantName = "[No Variations]"
Added Component: Designator=R54(R 0603)
Add component (AddParameter): Name = "BOM??"; Value = "Chip resistor"; VariantName = "[No Variations]"
Add component (AddParameter): Name = "????"; Value = "www.ooocke.com"; VariantName = "[No Variations]"
Add component (AddParameter): Name = "????"; Value = "???"; VariantName = "[No Variations]"
Added Component: Designator=S1(SMA)
Add component (AddParameter): Name = "BOM??"; Value = "??????"; VariantName = "[No Variations]"
Add component (AddParameter): Name = "????"; Value = "www.ooocke.com"; VariantName = "[No Variations]"
Add component (AddParameter): Name = "??"; Value = "40V/1A"; VariantName = "[No Variations]"
Add component (AddParameter): Name = "????"; Value = "???"; VariantName = "[No Variations]"
Added Component: Designator=S2(SS-12F23)
Add component (AddParameter): Name = "BOM??"; Value = "????"; VariantName = "[No Variations]"
Add component (AddParameter): Name = "????"; Value = "www.ooocke.com"; VariantName = "[No Variations]"
Add component (AddParameter): Name = "????"; Value = "???"; VariantName = "[No Variations]"
Added Component: Designator=TP1(TEST_POINT_40MIL_R)
Added Component: Designator=TP2(TEST_POINT_40MIL_R)
Added Component: Designator=U1(QFN40-25N)
Added Component: Designator=U2(SOP8_M-EP)
Add component (AddParameter): Name = "BOM??"; Value = "???????"; VariantName = "[No Variations]"
Add component (AddParameter): Name = "????"; Value = "www.ooocke.com"; VariantName = "[No Variations]"
Add component (AddParameter): Name = "????"; Value = "???"; VariantName = "[No Variations]"
Added Component: Designator=U3(SOT23-6M)
Add component (AddParameter): Name = "BOM??"; Value = "????IC"; VariantName = "[No Variations]"
Add component (AddParameter): Name = "????"; Value = "www.ooocke.com"; VariantName = "[No Variations]"
Add component (AddParameter): Name = "????"; Value = "???"; VariantName = "[No Variations]"
Added Component: Designator=U4(VSSOP10-N)
Add component (AddParameter): Name = "BOM??"; Value = "?????"; VariantName = "[No Variations]"
Add component (AddParameter): Name = "????"; Value = "www.ooocke.com"; VariantName = "[No Variations]"
Add component (AddParameter): Name = "????"; Value = "???"; VariantName = "[No Variations]"
Added Component: Designator=U5(SOT23-5M)
Added Component: Designator=U6(SOT23-5M)
Added Component: Designator=U7(CCS811)
Added Component: Designator=U8(MPL3115)
Added Component: Designator=U9(SHT35)
Added Component: Designator=U10(SOP8_M-EP)
Added Component: Designator=U11(ML8511)
Added Component: Designator=U12(Quectel MC60)
Added Component: Designator=U13(SIMcard_6pin_1)
Added Component: Designator=X1(SMA Female-RA)
Add component (AddParameter): Name = "ComponentKind"; Value = ""; VariantName = "[No Variations]"
Add component (AddParameter): Name = "HelpURL"; Value = ""; VariantName = "[No Variations]"
Add component (AddParameter): Name = "Manufacturer"; Value = ""; VariantName = "[No Variations]"
Add component (AddParameter): Name = "Model"; Value = ""; VariantName = "[No Variations]"
Added Component: Designator=X2(SMA Female-RA)
Add component (AddParameter): Name = "ComponentKind"; Value = ""; VariantName = "[No Variations]"
Add component (AddParameter): Name = "HelpURL"; Value = ""; VariantName = "[No Variations]"
Add component (AddParameter): Name = "Manufacturer"; Value = ""; VariantName = "[No Variations]"
Add component (AddParameter): Name = "Model"; Value = ""; VariantName = "[No Variations]"
Added Pin To Net: NetName=Vbat- Pin=C1-1
Added Pin To Net: NetName=GND Pin=C2-1
Added Pin To Net: NetName=Vbat- Pin=C3-2
Added Pin To Net: NetName=3.3V Pin=C4-1
Added Pin To Net: NetName=GND Pin=C4-2
Added Pin To Net: NetName=NetC5_1 Pin=C5-1
Added Pin To Net: NetName=GND Pin=C5-2
Added Pin To Net: NetName=3.3V Pin=C6-1
Added Pin To Net: NetName=GND Pin=C6-2
Added Pin To Net: NetName=VDD Pin=C7-1
Added Pin To Net: NetName=GNDA Pin=C7-2
Added Pin To Net: NetName=GNDA Pin=C8-1
Added Pin To Net: NetName=VDD Pin=C8-2
Added Pin To Net: NetName=3.3V_RPI Pin=C9-1
Added Pin To Net: NetName=GND Pin=C9-2
Added Pin To Net: NetName=3.3V Pin=C10-1
Added Pin To Net: NetName=GND Pin=C10-2
Added Pin To Net: NetName=GND Pin=C11-1
Added Pin To Net: NetName=3.3V Pin=C11-2
Added Pin To Net: NetName=GND Pin=C12-1
Added Pin To Net: NetName=NetC13_1 Pin=C13-1
Added Pin To Net: NetName=3.3V Pin=C14-1
Added Pin To Net: NetName=GND Pin=C14-2
Added Pin To Net: NetName=5V Pin=C15-1
Added Pin To Net: NetName=GND Pin=C15-2
Added Pin To Net: NetName=5V Pin=C16-1
Added Pin To Net: NetName=GND Pin=C16-2
Added Pin To Net: NetName=5V Pin=C17-1
Added Pin To Net: NetName=GND Pin=C17-2
Added Pin To Net: NetName=5V Pin=C18-1
Added Pin To Net: NetName=GND Pin=C18-2
Added Pin To Net: NetName=5V Pin=C19-1
Added Pin To Net: NetName=GND Pin=C19-2
Added Pin To Net: NetName=5V Pin=C20-1
Added Pin To Net: NetName=12V Pin=C21-1
Added Pin To Net: NetName=GND Pin=C21-2
Added Pin To Net: NetName=12V Pin=C22-1
Added Pin To Net: NetName=GND Pin=C22-2
Added Pin To Net: NetName=12V Pin=C23-1
Added Pin To Net: NetName=GND Pin=C23-2
Added Pin To Net: NetName=12V Pin=C24-1
Added Pin To Net: NetName=GND Pin=C24-2
Added Pin To Net: NetName=12V Pin=C25-1
Added Pin To Net: NetName=GND Pin=C25-2
Added Pin To Net: NetName=12V Pin=C26-1
Added Pin To Net: NetName=GND Pin=C26-2
Added Pin To Net: NetName=GND Pin=C27-2
Added Pin To Net: NetName=GND Pin=C28-2
Added Pin To Net: NetName=GND Pin=C29-2
Added Pin To Net: NetName=GND Pin=C30-1
Added Pin To Net: NetName=GND Pin=C31-1
Added Pin To Net: NetName=3.3V Pin=C31-2
Added Pin To Net: NetName=GND Pin=C32-2
Added Pin To Net: NetName=GND Pin=C33-2
Added Pin To Net: NetName=GND Pin=C34-2
Added Pin To Net: NetName=GND Pin=C35-2
Added Pin To Net: NetName=3.3V Pin=C36-1
Added Pin To Net: NetName=GND Pin=C36-2
Added Pin To Net: NetName=3.3V Pin=C37-1
Added Pin To Net: NetName=GND Pin=C37-2
Added Pin To Net: NetName=GNSS_ANT Pin=C38-1
Added Pin To Net: NetName=GND Pin=C38-2
Added Pin To Net: NetName=GND Pin=C39-2
Added Pin To Net: NetName=RF_ANT Pin=C40-1
Added Pin To Net: NetName=GND Pin=C40-2
Added Pin To Net: NetName=GND Pin=C41-2
Added Pin To Net: NetName=SIM1_VDD Pin=C42-1
Added Pin To Net: NetName=SIM_GND Pin=C42-2
Added Pin To Net: NetName=GND Pin=C43-2
Added Pin To Net: NetName=GND Pin=C44-2
Added Pin To Net: NetName=GND Pin=C45-2
Added Pin To Net: NetName=SIM1_VDD Pin=C46-1
Added Pin To Net: NetName=GND Pin=C46-2
Added Pin To Net: NetName=VDD_EXT Pin=C47-1
Added Pin To Net: NetName=GND Pin=C47-2
Added Pin To Net: NetName=VDD_EXT Pin=C48-1
Added Pin To Net: NetName=GND Pin=C48-2
Added Pin To Net: NetName=GND Pin=CON1-1
Added Pin To Net: NetName=GND Pin=CON1-4
Added Pin To Net: NetName=GND Pin=CON1-7
Added Pin To Net: NetName=GND Pin=CON1-10
Added Pin To Net: NetName=3.3V Pin=CON1-15
Added Pin To Net: NetName=NetF1_1 Pin=F1-1
Added Pin To Net: NetName=GND Pin=F1-3
Added Pin To Net: NetName=NetF1_4 Pin=F1-4
Added Pin To Net: NetName=NetF1_5 Pin=F1-5
Added Pin To Net: NetName=Vbat- Pin=F1-6
Added Pin To Net: NetName=Vbat- Pin=F1-7
Added Pin To Net: NetName=NetF1_1 Pin=F1-8
Added Pin To Net: NetName=3.3V Pin=FB1-1
Added Pin To Net: NetName=VDD Pin=FB1-2
Added Pin To Net: NetName=GND_F Pin=FB2-1
Added Pin To Net: NetName=GNDA Pin=FB2-2
Added Pin To Net: NetName=GND Pin=JP1-A1
Add Pin To Net: Unknown Pin: Pin JP1-A2
Add Pin To Net: Unknown Pin: Pin JP1-A3
Added Pin To Net: NetName=5VUSB Pin=JP1-A4
Added Pin To Net: NetName=USB2_P Pin=JP1-A6
Added Pin To Net: NetName=USB2_N Pin=JP1-A7
Added Pin To Net: NetName=5VUSB Pin=JP1-A9
Add Pin To Net: Unknown Pin: Pin JP1-A10
Add Pin To Net: Unknown Pin: Pin JP1-A11
Added Pin To Net: NetName=GND Pin=JP1-A12
Added Pin To Net: NetName=GND Pin=JP1-B1
Add Pin To Net: Unknown Pin: Pin JP1-B2
Add Pin To Net: Unknown Pin: Pin JP1-B3
Added Pin To Net: NetName=5VUSB Pin=JP1-B4
Added Pin To Net: NetName=USB2_P Pin=JP1-B6
Added Pin To Net: NetName=USB2_N Pin=JP1-B7
Added Pin To Net: NetName=5VUSB Pin=JP1-B9
Add Pin To Net: Unknown Pin: Pin JP1-B10
Add Pin To Net: Unknown Pin: Pin JP1-B11
Added Pin To Net: NetName=GND Pin=JP1-B12
Added Pin To Net: NetName=GND Pin=JP1-S1
Added Pin To Net: NetName=GND Pin=JP1-S2
Added Pin To Net: NetName=GND Pin=JP1-S3
Added Pin To Net: NetName=GND Pin=JP1-S4
Added Pin To Net: NetName=GND Pin=JP2-1
Added Pin To Net: NetName=GPIO7 Pin=JP2-2
Added Pin To Net: NetName=ID_SD Pin=JP2-3
Added Pin To Net: NetName=ID_SC Pin=JP2-4
Added Pin To Net: NetName=GPIO5 Pin=JP2-5
Added Pin To Net: NetName=GND Pin=JP2-6
Added Pin To Net: NetName=GPIO6 Pin=JP2-7
Added Pin To Net: NetName=GPIO12 Pin=JP2-8
Added Pin To Net: NetName=GPIO13 Pin=JP2-9
Added Pin To Net: NetName=GND Pin=JP2-10
Added Pin To Net: NetName=GPIO19 Pin=JP2-11
Added Pin To Net: NetName=GPIO16 Pin=JP2-12
Added Pin To Net: NetName=GPIO26 Pin=JP2-13
Added Pin To Net: NetName=GPIO20 Pin=JP2-14
Added Pin To Net: NetName=GND Pin=JP2-15
Added Pin To Net: NetName=GPIO21 Pin=JP2-16
Added Pin To Net: NetName=GND Pin=JP3-1
Added Pin To Net: NetName=nRPIBOOT Pin=JP3-2
Added Pin To Net: NetName=GND Pin=JP3-3
Added Pin To Net: NetName=EEPROM_nWP Pin=JP3-4
Added Pin To Net: NetName=GLOBAL_EN Pin=JP3-6
Added Pin To Net: NetName=WL_nDis Pin=JP3-7
Added Pin To Net: NetName=GLOBAL_EN Pin=JP3-8
Added Pin To Net: NetName=GND Pin=JP3-9
Added Pin To Net: NetName=GND Pin=JP3-10
Added Pin To Net: NetName=BT_nDis Pin=JP3-11
Added Pin To Net: NetName=RUN_PG Pin=JP3-12
Added Pin To Net: NetName=NetL1_2 Pin=L1-2
Added Pin To Net: NetName=NetL2_2 Pin=L2-2
Added Pin To Net: NetName=NetL3_1 Pin=L3-1
Added Pin To Net: NetName=5V Pin=L3-2
Added Pin To Net: NetName=3.3V_RPI Pin=LED1-1
Added Pin To Net: NetName=NetLED1_2 Pin=LED1-2
Added Pin To Net: NetName=3.3V_RPI Pin=LED2-1
Added Pin To Net: NetName=GND Pin=LED3-2
Added Pin To Net: NetName=GND Pin=LED4-2
Added Pin To Net: NetName=GND Pin=LED5-2
Added Pin To Net: NetName=5V Pin=LED6-1
Added Pin To Net: NetName=NetLED6_2 Pin=LED6-2
Added Pin To Net: NetName=3.3V Pin=LED7-1
Added Pin To Net: NetName=GND Pin=M1-1
Added Pin To Net: NetName=GND Pin=M1-2
Added Pin To Net: NetName=TRD3_P Pin=M1-3
Added Pin To Net: NetName=TRD1_P Pin=M1-4
Added Pin To Net: NetName=TRD3_N Pin=M1-5
Added Pin To Net: NetName=TRD1_N Pin=M1-6
Added Pin To Net: NetName=GND Pin=M1-7
Added Pin To Net: NetName=GND Pin=M1-8
Added Pin To Net: NetName=TRD2_N Pin=M1-9
Added Pin To Net: NetName=TRD0_N Pin=M1-10
Added Pin To Net: NetName=TRD2_P Pin=M1-11
Added Pin To Net: NetName=TRD0_P Pin=M1-12
Added Pin To Net: NetName=GND Pin=M1-13
Added Pin To Net: NetName=GND Pin=M1-14
Added Pin To Net: NetName=ETH_LEDY Pin=M1-15
Added Pin To Net: NetName=SYNC_IN Pin=M1-16
Added Pin To Net: NetName=ETH_LEDG Pin=M1-17
Added Pin To Net: NetName=SYNC_OUT Pin=M1-18
Added Pin To Net: NetName=EEPROM_nWP Pin=M1-20
Added Pin To Net: NetName=NetM1_21 Pin=M1-21
Added Pin To Net: NetName=GND Pin=M1-22
Added Pin To Net: NetName=GND Pin=M1-23
Added Pin To Net: NetName=GPIO26 Pin=M1-24
Added Pin To Net: NetName=GPIO21 Pin=M1-25
Added Pin To Net: NetName=GPIO19 Pin=M1-26
Added Pin To Net: NetName=GPIO20 Pin=M1-27
Added Pin To Net: NetName=GPIO13 Pin=M1-28
Added Pin To Net: NetName=GPIO16 Pin=M1-29
Added Pin To Net: NetName=GPIO6 Pin=M1-30
Added Pin To Net: NetName=GPIO12 Pin=M1-31
Added Pin To Net: NetName=GND Pin=M1-32
Added Pin To Net: NetName=GND Pin=M1-33
Added Pin To Net: NetName=GPIO5 Pin=M1-34
Added Pin To Net: NetName=ID_SC Pin=M1-35
Added Pin To Net: NetName=ID_SD Pin=M1-36
Added Pin To Net: NetName=GPIO7 Pin=M1-37
Added Pin To Net: NetName=GPIO11 Pin=M1-38
Added Pin To Net: NetName=GPIO8 Pin=M1-39
Added Pin To Net: NetName=GPIO9 Pin=M1-40
Added Pin To Net: NetName=GPIO25 Pin=M1-41
Added Pin To Net: NetName=GND Pin=M1-42
Added Pin To Net: NetName=GND Pin=M1-43
Added Pin To Net: NetName=GPIO10 Pin=M1-44
Added Pin To Net: NetName=GPIO24 Pin=M1-45
Added Pin To Net: NetName=GPIO22 Pin=M1-46
Added Pin To Net: NetName=GPIO23 Pin=M1-47
Added Pin To Net: NetName=GPIO27 Pin=M1-48
Added Pin To Net: NetName=GPIO18 Pin=M1-49
Added Pin To Net: NetName=GPIO17 Pin=M1-50
Added Pin To Net: NetName=GPIO15 Pin=M1-51
Added Pin To Net: NetName=GND Pin=M1-52
Added Pin To Net: NetName=GND Pin=M1-53
Added Pin To Net: NetName=GPIO4 Pin=M1-54
Added Pin To Net: NetName=GPIO14 Pin=M1-55
Added Pin To Net: NetName=GPIO3 Pin=M1-56
Added Pin To Net: NetName=SD_CLK Pin=M1-57
Added Pin To Net: NetName=GPIO2 Pin=M1-58
Added Pin To Net: NetName=GND Pin=M1-59
Added Pin To Net: NetName=GND Pin=M1-60
Added Pin To Net: NetName=SD_DATA3 Pin=M1-61
Added Pin To Net: NetName=SD_CMD Pin=M1-62
Added Pin To Net: NetName=SD_DATA0 Pin=M1-63
Added Pin To Net: NetName=GND Pin=M1-65
Added Pin To Net: NetName=GND Pin=M1-66
Added Pin To Net: NetName=SD_DATA1 Pin=M1-67
Added Pin To Net: NetName=SD_DATA2 Pin=M1-69
Added Pin To Net: NetName=GND Pin=M1-71
Added Pin To Net: NetName=GND Pin=M1-74
Added Pin To Net: NetName=SD_PWR_ON Pin=M1-75
Added Pin To Net: NetName=5V Pin=M1-77
Added Pin To Net: NetName=GPIO_VREF Pin=M1-78
Added Pin To Net: NetName=5V Pin=M1-79
Added Pin To Net: NetName=SCL0 Pin=M1-80
Added Pin To Net: NetName=5V Pin=M1-81
Added Pin To Net: NetName=SDA0 Pin=M1-82
Added Pin To Net: NetName=5V Pin=M1-83
Added Pin To Net: NetName=3.3V_RPI Pin=M1-84
Added Pin To Net: NetName=5V Pin=M1-85
Added Pin To Net: NetName=3.3V_RPI Pin=M1-86
Added Pin To Net: NetName=5V Pin=M1-87
Added Pin To Net: NetName=1.8V_RPI Pin=M1-88
Added Pin To Net: NetName=WL_nDis Pin=M1-89
Added Pin To Net: NetName=1.8V_RPI Pin=M1-90
Added Pin To Net: NetName=BT_nDis Pin=M1-91
Added Pin To Net: NetName=RUN_PG Pin=M1-92
Added Pin To Net: NetName=nRPIBOOT Pin=M1-93
Added Pin To Net: NetName=AIN1 Pin=M1-94
Added Pin To Net: NetName=nPWR_LED Pin=M1-95
Added Pin To Net: NetName=AIN0 Pin=M1-96
Added Pin To Net: NetName=GND Pin=M1-98
Added Pin To Net: NetName=GLOBAL_EN Pin=M1-99
Added Pin To Net: NetName=nEXTRST Pin=M1-100
Added Pin To Net: NetName=USBOTG_ID Pin=M1-101
Added Pin To Net: NetName=USB2_N Pin=M1-103
Added Pin To Net: NetName=USB2_P Pin=M1-105
Added Pin To Net: NetName=GND Pin=M1-107
Added Pin To Net: NetName=GND Pin=M1-108
Added Pin To Net: NetName=TV_OUT Pin=M1-111
Added Pin To Net: NetName=GND Pin=M1-113
Added Pin To Net: NetName=GND Pin=M1-114
Added Pin To Net: NetName=GND Pin=M1-119
Added Pin To Net: NetName=GND Pin=M1-120
Added Pin To Net: NetName=GND Pin=M1-125
Added Pin To Net: NetName=GND Pin=M1-126
Added Pin To Net: NetName=GND Pin=M1-131
Added Pin To Net: NetName=GND Pin=M1-132
Added Pin To Net: NetName=GND Pin=M1-137
Added Pin To Net: NetName=GND Pin=M1-138
Added Pin To Net: NetName=HDMI1_HOTPLUG Pin=M1-143
Added Pin To Net: NetName=GND Pin=M1-144
Added Pin To Net: NetName=HDMI1_SCL Pin=M1-145
Added Pin To Net: NetName=HDMI1_D2_P Pin=M1-146
Added Pin To Net: NetName=HDMI1_SDA Pin=M1-147
Added Pin To Net: NetName=HDMI1_D2_N Pin=M1-148
Added Pin To Net: NetName=HDMI1_CEC Pin=M1-149
Added Pin To Net: NetName=GND Pin=M1-150
Added Pin To Net: NetName=HDMI0_CEC Pin=M1-151
Added Pin To Net: NetName=HDMI1_D1_P Pin=M1-152
Added Pin To Net: NetName=HDMI0_HOTPLUG Pin=M1-153
Added Pin To Net: NetName=HDMI1_D1_N Pin=M1-154
Added Pin To Net: NetName=GND Pin=M1-155
Added Pin To Net: NetName=GND Pin=M1-156
Added Pin To Net: NetName=HDMI1_D0_P Pin=M1-158
Added Pin To Net: NetName=HDMI1_D0_N Pin=M1-160
Added Pin To Net: NetName=GND Pin=M1-161
Added Pin To Net: NetName=GND Pin=M1-162
Added Pin To Net: NetName=HDMI1_CK_P Pin=M1-164
Added Pin To Net: NetName=HDMI1_CK_N Pin=M1-166
Added Pin To Net: NetName=GND Pin=M1-167
Added Pin To Net: NetName=GND Pin=M1-168
Added Pin To Net: NetName=HDMI0_D2_P Pin=M1-170
Added Pin To Net: NetName=HDMI0_D2_N Pin=M1-172
Added Pin To Net: NetName=GND Pin=M1-173
Added Pin To Net: NetName=GND Pin=M1-174
Added Pin To Net: NetName=HDMI0_D1_P Pin=M1-176
Added Pin To Net: NetName=HDMI0_D1_N Pin=M1-178
Added Pin To Net: NetName=GND Pin=M1-179
Added Pin To Net: NetName=GND Pin=M1-180
Added Pin To Net: NetName=HDMI0_D0_P Pin=M1-182
Added Pin To Net: NetName=HDMI0_D0_N Pin=M1-184
Added Pin To Net: NetName=GND Pin=M1-185
Added Pin To Net: NetName=GND Pin=M1-186
Added Pin To Net: NetName=HDMI0_CK_P Pin=M1-188
Added Pin To Net: NetName=HDMI0_CK_N Pin=M1-190
Added Pin To Net: NetName=GND Pin=M1-191
Added Pin To Net: NetName=GND Pin=M1-192
Added Pin To Net: NetName=GND Pin=M1-197
Added Pin To Net: NetName=GND Pin=M1-198
Added Pin To Net: NetName=HDMI0_SDA Pin=M1-199
Added Pin To Net: NetName=HDMI0_SCL Pin=M1-200
Added Pin To Net: NetName=GND Pin=M2-1
Added Pin To Net: NetName=3.3V Pin=M2-8
Added Pin To Net: NetName=SD_DATA2 Pin=MicroSD1-1
Added Pin To Net: NetName=SD_DATA3 Pin=MicroSD1-2
Added Pin To Net: NetName=SD_CMD Pin=MicroSD1-3
Added Pin To Net: NetName=3.3V_RPI Pin=MicroSD1-4
Added Pin To Net: NetName=SD_CLK Pin=MicroSD1-5
Added Pin To Net: NetName=GND Pin=MicroSD1-6
Added Pin To Net: NetName=SD_DATA0 Pin=MicroSD1-7
Added Pin To Net: NetName=SD_DATA1 Pin=MicroSD1-8
Added Pin To Net: NetName=GND Pin=MicroSD2-3
Added Pin To Net: NetName=VDD_EXT Pin=MicroSD2-4
Added Pin To Net: NetName=GND Pin=MicroSD2-6
Added Pin To Net: NetName=GND Pin=R1-1
Added Pin To Net: NetName=USBOTG_ID Pin=R1-2
Added Pin To Net: NetName=GND Pin=R4-1
Added Pin To Net: NetName=NetR5_1 Pin=R5-1
Added Pin To Net: NetName=NetL1_2 Pin=R5-2
Added Pin To Net: NetName=NetR6_1 Pin=R6-1
Added Pin To Net: NetName=NetL2_2 Pin=R6-2
Added Pin To Net: NetName=NetM1_21 Pin=R7-1
Added Pin To Net: NetName=NetLED1_2 Pin=R7-2
Added Pin To Net: NetName=GND Pin=R8-1
Added Pin To Net: NetName=GND Pin=R9-1
Added Pin To Net: NetName=3.3V_RPI Pin=R10-1
Added Pin To Net: NetName=GPIO_VREF Pin=R10-2
Added Pin To Net: NetName=AIN0 Pin=R11-1
Added Pin To Net: NetName=IN0 Pin=R11-2
Added Pin To Net: NetName=VDD Pin=R12-1
Added Pin To Net: NetName=ALERT Pin=R12-2
Added Pin To Net: NetName=GNDA Pin=R13-1
Added Pin To Net: NetName=ADDR Pin=R13-2
Added Pin To Net: NetName=GNDA Pin=R14-1
Added Pin To Net: NetName=IN0 Pin=R14-2
Added Pin To Net: NetName=3.3V Pin=R16-1
Added Pin To Net: NetName=CCS_INT Pin=R16-2
Added Pin To Net: NetName=GND Pin=R17-1
Added Pin To Net: NetName=CCS_AUX Pin=R18-1
Added Pin To Net: NetName=CCS_SENSE Pin=R18-2
Added Pin To Net: NetName=CCS_AUX Pin=R19-1
Added Pin To Net: NetName=3.3V Pin=R19-2
Added Pin To Net: NetName=3.3V Pin=R20-2
Added Pin To Net: NetName=3.3V Pin=R21-1
Added Pin To Net: NetName=SHT35_RESET Pin=R21-2
Added Pin To Net: NetName=GND Pin=R22-1
Added Pin To Net: NetName=NetR22_2 Pin=R22-2
Added Pin To Net: NetName=CCS_RESET Pin=R23-1
Added Pin To Net: NetName=3.3V Pin=R23-2
Added Pin To Net: NetName=3.3V Pin=R24-2
Added Pin To Net: NetName=CCS_WAKE Pin=R25-1
Added Pin To Net: NetName=GND Pin=R25-2
Added Pin To Net: NetName=NetL3_1 Pin=R26-1
Added Pin To Net: NetName=NetC13_1 Pin=R26-2
Added Pin To Net: NetName=GND Pin=R27-1
Added Pin To Net: NetName=NetLED6_2 Pin=R27-2
Added Pin To Net: NetName=3.3V Pin=R28-1
Added Pin To Net: NetName=SDA Pin=R28-2
Added Pin To Net: NetName=3.3V Pin=R29-1
Added Pin To Net: NetName=SCL Pin=R29-2
Added Pin To Net: NetName=5V Pin=R30-1
Added Pin To Net: NetName=GND Pin=R32-2
Added Pin To Net: NetName=3.3V Pin=R33-1
Added Pin To Net: NetName=GND Pin=R35-2
Added Pin To Net: NetName=PWRKEY Pin=R35-3
Added Pin To Net: NetName=GND Pin=R36-1
Added Pin To Net: NetName=GND Pin=R40-1
Added Pin To Net: NetName=NETLIGHT Pin=R41-1
Added Pin To Net: NetName=GND Pin=R42-2
Added Pin To Net: NetName=GND Pin=R43-1
Added Pin To Net: NetName=GNSS_ANT Pin=R44-1
Added Pin To Net: NetName=RF_ANT Pin=R45-1
Added Pin To Net: NetName=VDD_EXT Pin=R46-2
Added Pin To Net: NetName=VDD_EXT Pin=R47-2
Added Pin To Net: NetName=VDD_EXT Pin=R48-2
Added Pin To Net: NetName=SIM1_RST Pin=R49-1
Added Pin To Net: NetName=SD_CMD Pin=R50-1
Added Pin To Net: NetName=SIM1_CLK Pin=R51-1
Added Pin To Net: NetName=SIM1_DATA Pin=R52-1
Added Pin To Net: NetName=SD_CLK Pin=R53-1
Added Pin To Net: NetName=SD_DATA Pin=R54-1
Added Pin To Net: NetName=Vin Pin=S1-1
Added Pin To Net: NetName=12V Pin=S2-1
Added Pin To Net: NetName=VBAT Pin=S2-2
Added Pin To Net: NetName=VBAT Pin=TP1-1
Added Pin To Net: NetName=GND Pin=TP2-1
Added Pin To Net: NetName=3.3V Pin=U1-1
Added Pin To Net: NetName=3.3V Pin=U1-8
Added Pin To Net: NetName=NetC5_1 Pin=U1-10
Added Pin To Net: NetName=GND Pin=U1-11
Added Pin To Net: NetName=3.3V Pin=U1-13
Added Pin To Net: NetName=GND Pin=U1-18
Added Pin To Net: NetName=GND Pin=U1-20
Added Pin To Net: NetName=3.3V Pin=U1-22
Added Pin To Net: NetName=IMU_SCL Pin=U1-23
Added Pin To Net: NetName=IMU_SDA Pin=U1-24
Added Pin To Net: NetName=GND Pin=U1-25
Added Pin To Net: NetName=GND Pin=U2-1
Added Pin To Net: NetName=GND Pin=U2-3
Added Pin To Net: NetName=NetR6_1 Pin=U2-6
Added Pin To Net: NetName=NetR5_1 Pin=U2-7
Added Pin To Net: NetName=GND Pin=U2-9
Added Pin To Net: NetName=NetF1_5 Pin=U3-1
Added Pin To Net: NetName=NetF1_4 Pin=U3-3
Added Pin To Net: NetName=Vbat- Pin=U3-5
Added Pin To Net: NetName=ADDR Pin=U4-1
Added Pin To Net: NetName=ALERT Pin=U4-2
Added Pin To Net: NetName=GNDA Pin=U4-3
Added Pin To Net: NetName=IN0 Pin=U4-4
Added Pin To Net: NetName=IN1 Pin=U4-5
Added Pin To Net: NetName=IN2 Pin=U4-6
Added Pin To Net: NetName=IN3 Pin=U4-7
Added Pin To Net: NetName=VDD Pin=U4-8
Added Pin To Net: NetName=SDA Pin=U4-9
Added Pin To Net: NetName=SCL Pin=U4-10
Added Pin To Net: NetName=nPWR_LED Pin=U5-2
Added Pin To Net: NetName=GND Pin=U5-3
Added Pin To Net: NetName=3.3V_RPI Pin=U5-5
Added Pin To Net: NetName=RUN_PG Pin=U6-2
Added Pin To Net: NetName=GND Pin=U6-3
Added Pin To Net: NetName=5V Pin=U6-5
Added Pin To Net: NetName=NetR22_2 Pin=U7-1
Added Pin To Net: NetName=CCS_RESET Pin=U7-2
Added Pin To Net: NetName=CCS_INT Pin=U7-3
Added Pin To Net: NetName=CCS_SENSE Pin=U7-4
Added Pin To Net: NetName=CCS_SENSE Pin=U7-5
Added Pin To Net: NetName=3.3V Pin=U7-6
Added Pin To Net: NetName=CCS_WAKE Pin=U7-7
Added Pin To Net: NetName=CCS_AUX Pin=U7-8
Added Pin To Net: NetName=SDA Pin=U7-9
Added Pin To Net: NetName=SCL Pin=U7-10
Added Pin To Net: NetName=GND Pin=U7-11
Added Pin To Net: NetName=3.3V Pin=U8-1
Added Pin To Net: NetName=GND Pin=U8-3
Added Pin To Net: NetName=3.3V Pin=U8-4
Added Pin To Net: NetName=SDA Pin=U8-7
Added Pin To Net: NetName=SCL Pin=U8-8
Added Pin To Net: NetName=SDA Pin=U9-1
Added Pin To Net: NetName=SHT35_ALT Pin=U9-3
Added Pin To Net: NetName=SCL Pin=U9-4
Added Pin To Net: NetName=3.3V Pin=U9-5
Added Pin To Net: NetName=SHT35_RESET Pin=U9-6
Added Pin To Net: NetName=GND Pin=U9-7
Added Pin To Net: NetName=GND Pin=U9-8
Added Pin To Net: NetName=GND Pin=U9-9
Added Pin To Net: NetName=12V Pin=U10-2
Added Pin To Net: NetName=12V Pin=U10-3
Added Pin To Net: NetName=GND Pin=U10-7
Added Pin To Net: NetName=NetL3_1 Pin=U10-8
Added Pin To Net: NetName=GND Pin=U10-9
Added Pin To Net: NetName=GND Pin=U11-5
Added Pin To Net: NetName=AIN0 Pin=U11-6
Added Pin To Net: NetName=3.3V Pin=U11-7
Added Pin To Net: NetName=PWRKEY Pin=U12-5
Added Pin To Net: NetName=SD_CMD Pin=U12-7
Added Pin To Net: NetName=SD_CLK Pin=U12-8
Added Pin To Net: NetName=SD_DATA Pin=U12-9
Added Pin To Net: NetName=GND Pin=U12-14
Added Pin To Net: NetName=GNSS_ANT Pin=U12-15
Added Pin To Net: NetName=SIM_GND Pin=U12-16
Added Pin To Net: NetName=SIM1_VDD Pin=U12-18
Added Pin To Net: NetName=SIM1_CLK Pin=U12-19
Added Pin To Net: NetName=SIM1_RST Pin=U12-20
Added Pin To Net: NetName=SIM1_DATA Pin=U12-21
Added Pin To Net: NetName=TXD_GNSS Pin=U12-22
Added Pin To Net: NetName=RXD_GNSS Pin=U12-23
Added Pin To Net: NetName=TXD_GNSS Pin=U12-24
Added Pin To Net: NetName=RXD_GNSS Pin=U12-25
Added Pin To Net: NetName=3.3V Pin=U12-26
Added Pin To Net: NetName=GND Pin=U12-27
Added Pin To Net: NetName=GND Pin=U12-31
Added Pin To Net: NetName=GND Pin=U12-40
Added Pin To Net: NetName=RF_ANT Pin=U12-41
Added Pin To Net: NetName=GND Pin=U12-42
Added Pin To Net: NetName=GND Pin=U12-44
Added Pin To Net: NetName=GND Pin=U12-45
Added Pin To Net: NetName=NETLIGHT Pin=U12-47
Added Pin To Net: NetName=GND Pin=U12-48
Added Pin To Net: NetName=GND Pin=U12-49
Added Pin To Net: NetName=SIM1_VDD Pin=U13-C1
Added Pin To Net: NetName=SIM_GND Pin=U13-C5
Added Pin To Net: NetName=GND Pin=X1-G
Added Pin To Net: NetName=GND Pin=X1-G
Added Pin To Net: NetName=GND Pin=X1-G
Added Pin To Net: NetName=GND Pin=X1-G
Added Pin To Net: NetName=GND Pin=X2-G
Added Pin To Net: NetName=GND Pin=X2-G
Added Pin To Net: NetName=GND Pin=X2-G
Added Pin To Net: NetName=GND Pin=X2-G
Added Pin To Net: NetName=CAM_CK_N Pin=CON1-8
Added Net: Name=CAM_CK_N
Added Pin To Net: NetName=CAM_CK_P Pin=CON1-9
Added Net: Name=CAM_CK_P
Added Pin To Net: NetName=CAM_D0_N Pin=CON1-2
Added Net: Name=CAM_D0_N
Added Pin To Net: NetName=CAM_D0_P Pin=CON1-3
Added Net: Name=CAM_D0_P
Added Pin To Net: NetName=CAM_D1_N Pin=CON1-5
Added Net: Name=CAM_D1_N
Added Pin To Net: NetName=CAM_D1_P Pin=CON1-6
Added Net: Name=CAM_D1_P
Added Pin To Net: NetName=CAM_IO0 Pin=CON1-11
Added Net: Name=CAM_IO0
Added Pin To Net: NetName=CAM_IO1 Pin=CON1-12
Added Net: Name=CAM_IO1
Added Pin To Net: NetName=CAM_SCL Pin=CON1-13
Added Net: Name=CAM_SCL
Added Pin To Net: NetName=CAM_SDA Pin=CON1-14
Added Net: Name=CAM_SDA
Added Pin To Net: NetName=E01_CE Pin=M2-2
Added Net: Name=E01_CE
Added Pin To Net: NetName=E01_CSN Pin=M2-7
Added Net: Name=E01_CSN
Added Pin To Net: NetName=E01_IRQ Pin=M2-5
Added Net: Name=E01_IRQ
Added Pin To Net: NetName=E01_MISO Pin=M2-4
Added Net: Name=E01_MISO
Added Pin To Net: NetName=E01_MOSI Pin=M2-6
Added Net: Name=E01_MOSI
Added Pin To Net: NetName=E01_SCK Pin=M2-3
Added Net: Name=E01_SCK
Added Pin To Net: NetName=IMU_INT Pin=U1-12
Added Net: Name=IMU_INT
Added Pin To Net: NetName=MPL_INT1 Pin=R24-1
Added Pin To Net: NetName=MPL_INT1 Pin=U8-6
Added Net: Name=MPL_INT1
Added Pin To Net: NetName=MPL_INT2 Pin=R20-1
Added Pin To Net: NetName=MPL_INT2 Pin=U8-5
Added Net: Name=MPL_INT2
Added Pin To Net: NetName=NetC2_2 Pin=C2-2
Added Pin To Net: NetName=NetC2_2 Pin=L1-1
Added Pin To Net: NetName=NetC2_2 Pin=L2-1
Added Pin To Net: NetName=NetC2_2 Pin=R2-1
Added Pin To Net: NetName=NetC2_2 Pin=U2-4
Added Pin To Net: NetName=NetC2_2 Pin=U2-8
Added Net: Name=NetC2_2
Added Pin To Net: NetName=NetC3_1 Pin=C3-1
Added Pin To Net: NetName=NetC3_1 Pin=R3-1
Added Pin To Net: NetName=NetC3_1 Pin=U3-2
Added Net: Name=NetC3_1
Added Pin To Net: NetName=NetC12_2 Pin=C12-2
Added Pin To Net: NetName=NetC12_2 Pin=U8-2
Added Net: Name=NetC12_2
Added Pin To Net: NetName=NetC13_2 Pin=C13-2
Added Pin To Net: NetName=NetC13_2 Pin=U10-1
Added Net: Name=NetC13_2
Added Pin To Net: NetName=NetC20_2 Pin=C20-2
Added Pin To Net: NetName=NetC20_2 Pin=R30-2
Added Pin To Net: NetName=NetC20_2 Pin=R32-1
Added Pin To Net: NetName=NetC20_2 Pin=U10-5
Added Net: Name=NetC20_2
Added Pin To Net: NetName=NetC27_1 Pin=C27-1
Added Pin To Net: NetName=NetC27_1 Pin=U10-4
Added Net: Name=NetC27_1
Added Pin To Net: NetName=NetC28_1 Pin=C28-1
Added Pin To Net: NetName=NetC28_1 Pin=R31-1
Added Pin To Net: NetName=NetC28_1 Pin=U10-6
Added Net: Name=NetC28_1
Added Pin To Net: NetName=NetC29_1 Pin=C29-1
Added Pin To Net: NetName=NetC29_1 Pin=R31-2
Added Net: Name=NetC29_1
Added Pin To Net: NetName=NetC30_2 Pin=C30-2
Added Pin To Net: NetName=NetC30_2 Pin=U11-7
Added Net: Name=NetC30_2
Added Pin To Net: NetName=NetC39_1 Pin=C39-1
Added Pin To Net: NetName=NetC39_1 Pin=R44-2
Added Pin To Net: NetName=NetC39_1 Pin=X1-S
Added Net: Name=NetC39_1
Added Pin To Net: NetName=NetC41_1 Pin=C41-1
Added Pin To Net: NetName=NetC41_1 Pin=R45-2
Added Pin To Net: NetName=NetC41_1 Pin=X2-S
Added Net: Name=NetC41_1
Added Pin To Net: NetName=NetC43_1 Pin=C43-1
Added Pin To Net: NetName=NetC43_1 Pin=R52-2
Added Pin To Net: NetName=NetC43_1 Pin=U13-C7
Added Net: Name=NetC43_1
Added Pin To Net: NetName=NetC44_1 Pin=C44-1
Added Pin To Net: NetName=NetC44_1 Pin=R51-2
Added Pin To Net: NetName=NetC44_1 Pin=U13-C3
Added Net: Name=NetC44_1
Added Pin To Net: NetName=NetC45_1 Pin=C45-1
Added Pin To Net: NetName=NetC45_1 Pin=R49-2
Added Pin To Net: NetName=NetC45_1 Pin=U13-C2
Added Net: Name=NetC45_1
Added Pin To Net: NetName=NetJP3_5 Pin=JP3-5
Added Pin To Net: NetName=NetJP3_5 Pin=U6-4
Added Net: Name=NetJP3_5
Added Pin To Net: NetName=NetLED2_2 Pin=LED2-2
Added Pin To Net: NetName=NetLED2_2 Pin=R15-1
Added Net: Name=NetLED2_2
Added Pin To Net: NetName=NetLED7_2 Pin=LED7-2
Added Pin To Net: NetName=NetLED7_2 Pin=R39-1
Added Net: Name=NetLED7_2
Added Pin To Net: NetName=NetMicroSD2_1 Pin=MicroSD2-1
Added Pin To Net: NetName=NetMicroSD2_1 Pin=R48-1
Added Net: Name=NetMicroSD2_1
Added Pin To Net: NetName=NetMicroSD2_2 Pin=MicroSD2-2
Added Pin To Net: NetName=NetMicroSD2_2 Pin=R50-2
Added Net: Name=NetMicroSD2_2
Added Pin To Net: NetName=NetMicroSD2_5 Pin=MicroSD2-5
Added Pin To Net: NetName=NetMicroSD2_5 Pin=R53-2
Added Net: Name=NetMicroSD2_5
Added Pin To Net: NetName=NetMicroSD2_7 Pin=MicroSD2-7
Added Pin To Net: NetName=NetMicroSD2_7 Pin=R54-2
Added Net: Name=NetMicroSD2_7
Added Pin To Net: NetName=NetMicroSD2_8 Pin=MicroSD2-8
Added Pin To Net: NetName=NetMicroSD2_8 Pin=R47-1
Added Net: Name=NetMicroSD2_8
Added Pin To Net: NetName=NetMicroSD2_9 Pin=MicroSD2-9
Added Pin To Net: NetName=NetMicroSD2_9 Pin=R46-1
Added Net: Name=NetMicroSD2_9
Added Pin To Net: NetName=NetR2_2 Pin=R2-2
Added Pin To Net: NetName=NetR2_2 Pin=S1-2
Added Net: Name=NetR2_2
Added Pin To Net: NetName=NetR4_2 Pin=R4-2
Added Pin To Net: NetName=NetR4_2 Pin=U2-2
Added Net: Name=NetR4_2
Added Pin To Net: NetName=NetR8_2 Pin=R8-2
Added Pin To Net: NetName=NetR8_2 Pin=U3-6
Added Net: Name=NetR8_2
Added Pin To Net: NetName=NetR9_2 Pin=R9-2
Added Pin To Net: NetName=NetR9_2 Pin=U1-9
Added Net: Name=NetR9_2
Added Pin To Net: NetName=NetR15_2 Pin=R15-2
Added Pin To Net: NetName=NetR15_2 Pin=U5-4
Added Net: Name=NetR15_2
Added Pin To Net: NetName=NetR17_2 Pin=R17-2
Added Pin To Net: NetName=NetR17_2 Pin=U9-2
Added Net: Name=NetR17_2
Added Pin To Net: NetName=NetR33_2 Pin=R33-2
Added Pin To Net: NetName=NetR33_2 Pin=U11-5
Added Net: Name=NetR33_2
Added Pin To Net: NetName=NetR34_2 Pin=R34-2
Added Pin To Net: NetName=NetR34_2 Pin=R35-1
Added Pin To Net: NetName=NetR34_2 Pin=R36-2
Added Net: Name=NetR34_2
Added Pin To Net: NetName=NetR37_1 Pin=R37-1
Added Pin To Net: NetName=NetR37_1 Pin=U12-34
Added Net: Name=NetR37_1
Added Pin To Net: NetName=NetR38_1 Pin=R38-1
Added Pin To Net: NetName=NetR38_1 Pin=U12-33
Added Net: Name=NetR38_1
Added Pin To Net: NetName=NetR39_2 Pin=R39-2
Added Pin To Net: NetName=NetR39_2 Pin=R42-3
Added Net: Name=NetR39_2
Added Pin To Net: NetName=NetR41_2 Pin=R41-2
Added Pin To Net: NetName=NetR41_2 Pin=R42-1
Added Pin To Net: NetName=NetR41_2 Pin=R43-2
Added Net: Name=NetR41_2
Added Pin To Net: NetName=NetU12_17 Pin=U12-17
Added Net: Name=NetU12_17
Added Pin To Net: NetName=RXD_DBG Pin=U12-30
Added Net: Name=RXD_DBG
Added Pin To Net: NetName=RXD_MAIN Pin=R37-2
Added Net: Name=RXD_MAIN
Added Pin To Net: NetName=TURN_ON_PULSE Pin=R34-1
Added Net: Name=TURN_ON_PULSE
Added Pin To Net: NetName=TXD_DBG Pin=U12-29
Added Net: Name=TXD_DBG
Added Pin To Net: NetName=TXD_MAIN Pin=R38-2
Added Pin To Net: NetName=TXD_MAIN Pin=R40-2
Added Net: Name=TXD_MAIN
Added Pin To Net: NetName=VBAT1C Pin=C32-1
Added Pin To Net: NetName=VBAT1C Pin=C33-1
Added Pin To Net: NetName=VBAT1C Pin=C34-1
Added Pin To Net: NetName=VBAT1C Pin=C35-1
Added Pin To Net: NetName=VBAT1C Pin=U12-50
Added Pin To Net: NetName=VBAT1C Pin=U12-51
Added Net: Name=VBAT1C
Added Pin To Net: NetName=Vbat+ Pin=C1-2
Added Pin To Net: NetName=Vbat+ Pin=R3-2
Added Pin To Net: NetName=Vbat+ Pin=U2-5
Added Net: Name=Vbat+
Added Member To Class: ClassName=Main Member=Component C1 ?
Added Member To Class: ClassName=Main Member=Component C2 10uF
Added Member To Class: ClassName=Main Member=Component C3 ?
Added Member To Class: ClassName=Main Member=Component C4 100nF
Added Member To Class: ClassName=Main Member=Component C5 100nF
Added Member To Class: ClassName=Main Member=Component C6 10nF
Added Member To Class: ClassName=Main Member=Component C7 1uF
Added Member To Class: ClassName=Main Member=Component C8 1uF
Added Member To Class: ClassName=Main Member=Component C9 10uF
Added Member To Class: ClassName=Main Member=Component C10 100nF
Added Member To Class: ClassName=Main Member=Component C11 100nF
Added Member To Class: ClassName=Main Member=Component C12 100nF
Added Member To Class: ClassName=Main Member=Component C13 100nF
Added Member To Class: ClassName=Main Member=Component C14 100nF
Added Member To Class: ClassName=Main Member=Component C15 10uF
Added Member To Class: ClassName=Main Member=Component C16 10uF
Added Member To Class: ClassName=Main Member=Component C17 10uF
Added Member To Class: ClassName=Main Member=Component C18 10uF
Added Member To Class: ClassName=Main Member=Component C19 100uF
Added Member To Class: ClassName=Main Member=Component C20 nF
Added Member To Class: ClassName=Main Member=Component C21 10uF
Added Member To Class: ClassName=Main Member=Component C22 10uF
Added Member To Class: ClassName=Main Member=Component C23 10uF
Added Member To Class: ClassName=Main Member=Component C24 10uF
Added Member To Class: ClassName=Main Member=Component C25 10uF
Added Member To Class: ClassName=Main Member=Component C26 10uF
Added Member To Class: ClassName=Main Member=Component C27 100nF
Added Member To Class: ClassName=Main Member=Component C28 nF
Added Member To Class: ClassName=Main Member=Component C29 1.2nF
Added Member To Class: ClassName=Main Member=Component C30 1nF
Added Member To Class: ClassName=Main Member=Component C31 100nF
Added Member To Class: ClassName=Main Member=Component C32 100uF
Added Member To Class: ClassName=Main Member=Component C33 100nF
Added Member To Class: ClassName=Main Member=Component C34 10pF
Added Member To Class: ClassName=Main Member=Component C35 33pF
Added Member To Class: ClassName=Main Member=Component C36 10Uf
Added Member To Class: ClassName=Main Member=Component C37 100nF
Added Member To Class: ClassName=Main Member=Component C38 NM
Added Member To Class: ClassName=Main Member=Component C39 NM
Added Member To Class: ClassName=Main Member=Component C40 NM
Added Member To Class: ClassName=Main Member=Component C41 NM
Added Member To Class: ClassName=Main Member=Component C42 100nF
Added Member To Class: ClassName=Main Member=Component C43 33pF
Added Member To Class: ClassName=Main Member=Component C44 33pF
Added Member To Class: ClassName=Main Member=Component C45 33pF
Added Member To Class: ClassName=Main Member=Component C46 33pF
Added Member To Class: ClassName=Main Member=Component C47 4.7uF
Added Member To Class: ClassName=Main Member=Component C48 1nF
Added Member To Class: ClassName=Main Member=Component CON1 FFC
Added Member To Class: ClassName=Main Member=Component F1 FS8205A
Added Member To Class: ClassName=Main Member=Component FB1 =Value
Added Member To Class: ClassName=Main Member=Component FB2 =Value
Added Member To Class: ClassName=Main Member=Component JP1 USB-C
Added Member To Class: ClassName=Main Member=Component JP2 Header 8X2
Added Member To Class: ClassName=Main Member=Component JP3 Header 6X2
Added Member To Class: ClassName=Main Member=Component L1 LED-SMD
Added Member To Class: ClassName=Main Member=Component L2 LED-SMD
Added Member To Class: ClassName=Main Member=Component L3 ?uH
Added Member To Class: ClassName=Main Member=Component LED1 LED GREEN
Added Member To Class: ClassName=Main Member=Component LED2 LED-SMD
Added Member To Class: ClassName=Main Member=Component LED3 Framed LED X1
Added Member To Class: ClassName=Main Member=Component LED4 Framed LED X1
Added Member To Class: ClassName=Main Member=Component LED5 Framed LED X1
Added Member To Class: ClassName=Main Member=Component LED6 LED-SMD
Added Member To Class: ClassName=Main Member=Component LED7 LED-SMD
Added Member To Class: ClassName=Main Member=Component M1 RPI CM4
Added Member To Class: ClassName=Main Member=Component M2 E01-ML01DP5
Added Member To Class: ClassName=Main Member=Component MicroSD1 MicroSD Card
Added Member To Class: ClassName=Main Member=Component MicroSD2 MicroSD Card
Added Member To Class: ClassName=Main Member=Component R1 10K
Added Member To Class: ClassName=Main Member=Component R2 0.4R
Added Member To Class: ClassName=Main Member=Component R3 100R
Added Member To Class: ClassName=Main Member=Component R4 2K
Added Member To Class: ClassName=Main Member=Component R5 1K
Added Member To Class: ClassName=Main Member=Component R6 1K
Added Member To Class: ClassName=Main Member=Component R7 1K
Added Member To Class: ClassName=Main Member=Component R8 1K
Added Member To Class: ClassName=Main Member=Component R9 10K
Added Member To Class: ClassName=Main Member=Component R10 1K
Added Member To Class: ClassName=Main Member=Component R11 10K
Added Member To Class: ClassName=Main Member=Component R12 10K
Added Member To Class: ClassName=Main Member=Component R13 10K
Added Member To Class: ClassName=Main Member=Component R14 3.3K
Added Member To Class: ClassName=Main Member=Component R15 1K
Added Member To Class: ClassName=Main Member=Component R16 10K
Added Member To Class: ClassName=Main Member=Component R17 10K
Added Member To Class: ClassName=Main Member=Component R18 10K
Added Member To Class: ClassName=Main Member=Component R19 10K
Added Member To Class: ClassName=Main Member=Component R20 10K
Added Member To Class: ClassName=Main Member=Component R21 10K
Added Member To Class: ClassName=Main Member=Component R22 10K
Added Member To Class: ClassName=Main Member=Component R23 10K
Added Member To Class: ClassName=Main Member=Component R24 10K
Added Member To Class: ClassName=Main Member=Component R25 10K
Added Member To Class: ClassName=Main Member=Component R26 10R
Added Member To Class: ClassName=Main Member=Component R27 1K
Added Member To Class: ClassName=Main Member=Component R28 10K
Added Member To Class: ClassName=Main Member=Component R29 10K
Added Member To Class: ClassName=Main Member=Component R30 12K
Added Member To Class: ClassName=Main Member=Component R31 20K
Added Member To Class: ClassName=Main Member=Component R32 2.2K
Added Member To Class: ClassName=Main Member=Component R33 10K
Added Member To Class: ClassName=Main Member=Component R34 1K
Added Member To Class: ClassName=Main Member=Component R35 SS8050
Added Member To Class: ClassName=Main Member=Component R36 10K
Added Member To Class: ClassName=Main Member=Component R37 1K
Added Member To Class: ClassName=Main Member=Component R38 1K
Added Member To Class: ClassName=Main Member=Component R39 1K
Added Member To Class: ClassName=Main Member=Component R40 5.6K
Added Member To Class: ClassName=Main Member=Component R41 1K
Added Member To Class: ClassName=Main Member=Component R42 SS8050
Added Member To Class: ClassName=Main Member=Component R43 10K
Added Member To Class: ClassName=Main Member=Component R44 0
Added Member To Class: ClassName=Main Member=Component R45 0
Added Member To Class: ClassName=Main Member=Component R46 10K
Added Member To Class: ClassName=Main Member=Component R47 10K
Added Member To Class: ClassName=Main Member=Component R48 10K
Added Member To Class: ClassName=Main Member=Component R49 22R
Added Member To Class: ClassName=Main Member=Component R50 33R
Added Member To Class: ClassName=Main Member=Component R51 22R
Added Member To Class: ClassName=Main Member=Component R52 22R
Added Member To Class: ClassName=Main Member=Component R53 33R
Added Member To Class: ClassName=Main Member=Component R54 33R
Added Member To Class: ClassName=Main Member=Component S1 SS14
Added Member To Class: ClassName=Main Member=Component S2 SS-12F23
Added Member To Class: ClassName=Main Member=Component TP1 Test Point
Added Member To Class: ClassName=Main Member=Component TP2 Test Point
Added Member To Class: ClassName=Main Member=Component U1 MPU9250
Added Member To Class: ClassName=Main Member=Component U2 TP4056
Added Member To Class: ClassName=Main Member=Component U3 WD01
Added Member To Class: ClassName=Main Member=Component U4 ADS1115
Added Member To Class: ClassName=Main Member=Component U5 SN74LVC1G17DBVT
Added Member To Class: ClassName=Main Member=Component U6 SN74LVC1G17DBVT
Added Member To Class: ClassName=Main Member=Component U7 CCS811
Added Member To Class: ClassName=Main Member=Component U8 MPL3115
Added Member To Class: ClassName=Main Member=Component U9 SHT35
Added Member To Class: ClassName=Main Member=Component U10 AP64501SP-13
Added Member To Class: ClassName=Main Member=Component U11 ML8511
Added Member To Class: ClassName=Main Member=Component U12 Quectel MC60
Added Member To Class: ClassName=Main Member=Component U13 SIMcard
Added Member To Class: ClassName=Main Member=Component X1 SMA
Added Member To Class: ClassName=Main Member=Component X2 SMA
