Removed Pin From Net: NetName=GND Pin=R8-1
Removed Pin From Net: NetName=12V Pin=S2-1
Removed Pin From Net: NetName=NetF1_5 Pin=U3-1
Removed Pin From Net: NetName=NetF1_4 Pin=U3-3
Removed Member From Class: ClassName=Main Member=R8
Removed Member From Class: ClassName=Main Member=S2
Change Component Comment : Designator=C1 Old Comment=? New Comment=10uF
Change Component Comment : Designator=C3 Old Comment=? New Comment=100nF
Added Component: Designator=R?(R 0603)
Add component (AddParameter): Name = "BOM??"; Value = "Chip resistor"; VariantName = "[No Variations]"
Add component (AddParameter): Name = "????"; Value = "www.ooocke.com"; VariantName = "[No Variations]"
Add component (AddParameter): Name = "????"; Value = "???"; VariantName = "[No Variations]"
Added Component: Designator=TP?(TEST_POINT_40MIL_R)
Added Pin To Net: NetName=GND Pin=C1-1
Added Pin To Net: NetName=VBAT1C Pin=C1-2
Added Pin To Net: NetName=GND Pin=C3-1
Added Pin To Net: NetName=GND Pin=F1-2
Added Pin To Net: NetName=GND Pin=F1-6
Added Pin To Net: NetName=GND Pin=F1-7
Add Pin To Net: Unknown Pin: Pin JP1-A2
Add Pin To Net: Unknown Pin: Pin JP1-A3
Add Pin To Net: Unknown Pin: Pin JP1-A10
Add Pin To Net: Unknown Pin: Pin JP1-A11
Add Pin To Net: Unknown Pin: Pin JP1-B2
Add Pin To Net: Unknown Pin: Pin JP1-B3
Add Pin To Net: Unknown Pin: Pin JP1-B10
Add Pin To Net: Unknown Pin: Pin JP1-B11
Added Pin To Net: NetName=CAM_SCL Pin=M1-35
Added Pin To Net: NetName=CAM_SDA Pin=M1-36
Added Pin To Net: NetName=SCL Pin=M1-80
Added Pin To Net: NetName=SDA Pin=M1-82
Added Pin To Net: NetName=CAM_IO0 Pin=M1-97
Added Pin To Net: NetName=CAM_D0_N Pin=M1-128
Added Pin To Net: NetName=CAM_D0_P Pin=M1-130
Added Pin To Net: NetName=CAM_D1_N Pin=M1-134
Added Pin To Net: NetName=CAM_D1_P Pin=M1-136
Added Pin To Net: NetName=CAM_CK_N Pin=M1-140
Added Pin To Net: NetName=CAM_CK_P Pin=M1-142
Added Pin To Net: NetName=VBAT1C Pin=R3-2
Added Pin To Net: NetName=GND Pin=R?-2
Added Pin To Net: NetName=12V Pin=TP1-1
Added Pin To Net: NetName=VBAT1C Pin=TP?-1
Added Pin To Net: NetName=VBAT1C Pin=U2-5
Added Pin To Net: NetName=NetF1_4 Pin=U3-1
Added Pin To Net: NetName=NetF1_5 Pin=U3-3
Added Pin To Net: NetName=GND Pin=U3-6
Change Net Name : Old Net Name=12V New Net Name=VBAT
Added Pin To Net: NetName=NetC3_2 Pin=C3-2
Added Pin To Net: NetName=NetC3_2 Pin=R3-1
Added Pin To Net: NetName=NetC3_2 Pin=U3-5
Added Net: Name=NetC3_2
Added Pin To Net: NetName=NetR?_1 Pin=R?-1
Added Pin To Net: NetName=NetR?_1 Pin=U3-2
Added Net: Name=NetR?_1
Added Differential Pair: Name=CAM_CK
Added Differential Pair: Name=CAM_D0
Added Differential Pair: Name=CAM_D1
Added Member To Class: ClassName=Main Member=Component R? 100R
Added Member To Class: ClassName=Main Member=Component TP? Test Point
