Removed Pin From Net: NetName=GLOBAL_EN Pin=JP3-6
Removed Pin From Net: NetName=GLOBAL_EN Pin=JP3-8
Removed Pin From Net: NetName=GND Pin=JP3-10
Removed Pin From Net: NetName=RUN_PG Pin=JP3-12
Removed Pin From Net: NetName=RUN_PG Pin=U6-2
Removed Pin From Net: NetName=GND Pin=U6-3
Removed Pin From Net: NetName=5V Pin=U6-5
Removed Member From Class: ClassName=Main Member=U6
Change Component Footprint: Designator=JP3 Old Footprint=HDR-6X2 New Footprint=HDR-2X2
Change Component Comment : Designator=JP3 Old Comment=Header 6X2 New Comment=Header2X2
Change Component Designator: OldDesignator=LED? NewDesignator=LED7
Change Component Designator: OldDesignator=R? NewDesignator=R8
Change Component Designator: OldDesignator=TP? NewDesignator=TP3
Change component parameters: Designator = "JP3" ("JP3"); Footprint = "HDR-6X2"; UniqueID = "\PHIZHAGQ" ("\PHIZHAGQ")
Change component parameters (AddParameter): Name = "BOM??"; Value = "2*2P???"; VariantName = "[No Variations]"
Change component parameters (AddParameter): Name = "????"; Value = "www.ooocke.com"; VariantName = "[No Variations]"
Change component parameters (AddParameter): Name = "????"; Value = "???"; VariantName = "[No Variations]"
Added Component: Designator=JP2(HDR-1X2)
Add component (AddParameter): Name = "BOM??"; Value = "2P???"; VariantName = "[No Variations]"
Add component (AddParameter): Name = "????"; Value = "www.ooocke.com"; VariantName = "[No Variations]"
Add component (AddParameter): Name = "????"; Value = "???"; VariantName = "[No Variations]"
Added Component: Designator=JP4(HDR-2X2)
Add component (AddParameter): Name = "BOM??"; Value = "2*2P???"; VariantName = "[No Variations]"
Add component (AddParameter): Name = "????"; Value = "www.ooocke.com"; VariantName = "[No Variations]"
Add component (AddParameter): Name = "????"; Value = "???"; VariantName = "[No Variations]"
Added Component: Designator=R2(R 0603)
Add component (AddParameter): Name = "BOM??"; Value = "Chip resistor"; VariantName = "[No Variations]"
Add component (AddParameter): Name = "????"; Value = "www.ooocke.com"; VariantName = "[No Variations]"
Add component (AddParameter): Name = "????"; Value = "???"; VariantName = "[No Variations]"
Add Pin To Net: Unknown Pin: Pin JP1-A2
Add Pin To Net: Unknown Pin: Pin JP1-A3
Add Pin To Net: Unknown Pin: Pin JP1-A10
Add Pin To Net: Unknown Pin: Pin JP1-A11
Add Pin To Net: Unknown Pin: Pin JP1-B2
Add Pin To Net: Unknown Pin: Pin JP1-B3
Add Pin To Net: Unknown Pin: Pin JP1-B10
Add Pin To Net: Unknown Pin: Pin JP1-B11
Added Pin To Net: NetName=USBOTG_ID Pin=JP2-2
Added Pin To Net: NetName=3.3V Pin=R2-1
Change Net Name : Old Net Name=NetLED?_2 New Net Name=NetLED7_2
Change Net Name : Old Net Name=NetR?_1 New Net Name=NetR8_1
Added Pin To Net: NetName=NetJP2_1 Pin=JP2-1
Added Pin To Net: NetName=NetJP2_1 Pin=R2-2
Added Net: Name=NetJP2_1
Added Member To Class: ClassName=Main Member=Component JP2 HDR-1X2
Added Member To Class: ClassName=Main Member=Component JP4 Header2X2
Added Member To Class: ClassName=Main Member=Component R2 10K
