Removed Pin From Net: NetName=GPIO  Pin=M1-30
Removed Pin From Net: NetName=GPIO  Pin=M1-34
Removed Pin From Net: NetName=GPIO  Pin=M1-45
Removed Pin From Net: NetName=GPIO  Pin=M1-46
Removed Pin From Net: NetName=GPIO  Pin=M1-47
Removed Pin From Net: NetName=GPIO  Pin=M1-48
Removed Pin From Net: NetName=GPIO  Pin=M1-49
Removed Pin From Net: NetName=GPIO  Pin=M1-50
Removed Pin From Net: NetName=GPIO  Pin=M1-54
Add Pin To Net: Unknown Pin: Pin JP1-A2
Add Pin To Net: Unknown Pin: Pin JP1-A3
Add Pin To Net: Unknown Pin: Pin JP1-A10
Add Pin To Net: Unknown Pin: Pin JP1-A11
Add Pin To Net: Unknown Pin: Pin JP1-B2
Add Pin To Net: Unknown Pin: Pin JP1-B3
Add Pin To Net: Unknown Pin: Pin JP1-B10
Add Pin To Net: Unknown Pin: Pin JP1-B11
Added Pin To Net: NetName=LED3 Pin=M1-30
Added Pin To Net: NetName=LED2 Pin=M1-34
Added Pin To Net: NetName=E01_CE Pin=M1-45
Added Pin To Net: NetName=LED1 Pin=M1-46
Added Pin To Net: NetName=E01_IRQ Pin=M1-47
Added Pin To Net: NetName=LED4 Pin=M1-48
Added Pin To Net: NetName=E01_CSN Pin=M1-49
Added Pin To Net: NetName=LED5 Pin=M1-50
Added Pin To Net: NetName=LED6 Pin=M1-54
