Removed Pin From Net: NetName=LED6 Pin=M1-24
Removed Pin From Net: NetName=IMU_INT Pin=M1-25
Removed Pin From Net: NetName=IMU_SDA Pin=M1-27
Removed Pin From Net: NetName=LED4 Pin=M1-28
Removed Pin From Net: NetName=IMU_SCL Pin=M1-29
Removed Pin From Net: NetName=LED2 Pin=M1-30
Removed Pin From Net: NetName=LED3 Pin=M1-34
Removed Pin From Net: NetName=MPL_INT2 Pin=M1-37
Removed Pin From Net: NetName=TXD_MAIN Pin=M1-38
Removed Pin From Net: NetName=MPL_INT1 Pin=M1-39
Removed Pin From Net: NetName=RXD_MAIN Pin=M1-40
Removed Pin From Net: NetName=E01_SCK Pin=M1-45
Removed Pin From Net: NetName=E01_IRQ Pin=M1-46
Removed Pin From Net: NetName=E01_MISO Pin=M1-48
Removed Pin From Net: NetName=E01_CSN Pin=M1-49
Removed Pin From Net: NetName=E01_MOSI Pin=M1-50
Removed Pin From Net: NetName=E01_CE Pin=M1-51
Removed Pin From Net: NetName=LED1 Pin=M1-54
Removed Pin From Net: NetName=TURN_ON_PULSE Pin=M1-55
Add Pin To Net: Unknown Pin: Pin JP1-A2
Add Pin To Net: Unknown Pin: Pin JP1-A3
Add Pin To Net: Unknown Pin: Pin JP1-A10
Add Pin To Net: Unknown Pin: Pin JP1-A11
Add Pin To Net: Unknown Pin: Pin JP1-B2
Add Pin To Net: Unknown Pin: Pin JP1-B3
Add Pin To Net: Unknown Pin: Pin JP1-B10
Add Pin To Net: Unknown Pin: Pin JP1-B11
Added Pin To Net: NetName=E01_SCK Pin=M1-38
Added Pin To Net: NetName=E01_MISO Pin=M1-40
Added Pin To Net: NetName=E01_MOSI Pin=M1-44
Added Pin To Net: NetName=TXD_MAIN Pin=M1-51
Added Pin To Net: NetName=RXD_MAIN Pin=M1-55
Added Pin To Net: NetName=IMU_SCL Pin=M1-56
Added Pin To Net: NetName=IMU_SDA Pin=M1-58
Added Pin To Net: NetName=GPIO  Pin=M1-24
Added Pin To Net: NetName=GPIO  Pin=M1-25
Added Pin To Net: NetName=GPIO  Pin=M1-26
Added Pin To Net: NetName=GPIO  Pin=M1-27
Added Pin To Net: NetName=GPIO  Pin=M1-28
Added Pin To Net: NetName=GPIO  Pin=M1-29
Added Pin To Net: NetName=GPIO  Pin=M1-30
Added Pin To Net: NetName=GPIO  Pin=M1-31
Added Pin To Net: NetName=GPIO  Pin=M1-34
Added Pin To Net: NetName=GPIO  Pin=M1-37
Added Pin To Net: NetName=GPIO  Pin=M1-39
Added Pin To Net: NetName=GPIO  Pin=M1-41
Added Pin To Net: NetName=GPIO  Pin=M1-45
Added Pin To Net: NetName=GPIO  Pin=M1-46
Added Pin To Net: NetName=GPIO  Pin=M1-47
Added Pin To Net: NetName=GPIO  Pin=M1-48
Added Pin To Net: NetName=GPIO  Pin=M1-49
Added Pin To Net: NetName=GPIO  Pin=M1-50
Added Pin To Net: NetName=GPIO  Pin=M1-54
Added Net: Name=GPIO 
