Removed Pin From Net: NetName=GPIO Pin=M1-28
Removed Pin From Net: NetName=GPIO Pin=M1-31
Removed Pin From Net: NetName=SCL Pin=M1-56
Removed Pin From Net: NetName=SDA Pin=M1-58
Removed Pin From Net: NetName=SCL Pin=M1-80
Removed Pin From Net: NetName=SDA Pin=M1-82
Removed Pin From Net: NetName=SCL Pin=U1-23
Removed Pin From Net: NetName=SDA Pin=U1-24
Add Pin To Net: Unknown Pin: Pin JP1-A2
Add Pin To Net: Unknown Pin: Pin JP1-A3
Add Pin To Net: Unknown Pin: Pin JP1-A10
Add Pin To Net: Unknown Pin: Pin JP1-A11
Add Pin To Net: Unknown Pin: Pin JP1-B2
Add Pin To Net: Unknown Pin: Pin JP1-B3
Add Pin To Net: Unknown Pin: Pin JP1-B10
Add Pin To Net: Unknown Pin: Pin JP1-B11
Added Pin To Net: NetName=SCL Pin=M1-28
Added Pin To Net: NetName=SDA Pin=M1-31
Added Pin To Net: NetName=IMU_SCL Pin=M1-56
Added Pin To Net: NetName=IMU_SCL Pin=U1-23
Added Net: Name=IMU_SCL
Added Pin To Net: NetName=IMU_SDA Pin=M1-58
Added Pin To Net: NetName=IMU_SDA Pin=U1-24
Added Net: Name=IMU_SDA
