Added Component: Designator=R10(R 0603)
Add component (AddParameter): Name = "BOM??"; Value = "Chip resistor"; VariantName = "[No Variations]"
Add component (AddParameter): Name = "????"; Value = "www.ooocke.com"; VariantName = "[No Variations]"
Add component (AddParameter): Name = "????"; Value = "???"; VariantName = "[No Variations]"
Added Component: Designator=R41(R 0603)
Add component (AddParameter): Name = "BOM??"; Value = "Chip resistor"; VariantName = "[No Variations]"
Add component (AddParameter): Name = "????"; Value = "www.ooocke.com"; VariantName = "[No Variations]"
Add component (AddParameter): Name = "????"; Value = "???"; VariantName = "[No Variations]"
Add Pin To Net: Unknown Pin: Pin JP1-A2
Add Pin To Net: Unknown Pin: Pin JP1-A3
Add Pin To Net: Unknown Pin: Pin JP1-A10
Add Pin To Net: Unknown Pin: Pin JP1-A11
Add Pin To Net: Unknown Pin: Pin JP1-B2
Add Pin To Net: Unknown Pin: Pin JP1-B3
Add Pin To Net: Unknown Pin: Pin JP1-B10
Add Pin To Net: Unknown Pin: Pin JP1-B11
Added Pin To Net: NetName=3.3V Pin=R10-1
Added Pin To Net: NetName=IMU_SDA Pin=R10-2
Added Pin To Net: NetName=3.3V Pin=R41-1
Added Pin To Net: NetName=IMU_SCL Pin=R41-2
Added Member To Class: ClassName=Main Member=Component R10 10K
Added Member To Class: ClassName=Main Member=Component R41 10K
