Added Component: Designator=C1(CD C(6032))
Add component (AddParameter): Name = "Code_JEITA"; Value = "3528-21"; VariantName = "[No Variations]"
Add component (AddParameter): Name = "ComponentLink1Description"; Value = "Manufacturer Link"; VariantName = "[No Variations]"
Add component (AddParameter): Name = "ComponentLink1URL"; Value = "http://www.kemet.com/"; VariantName = "[No Variations]"
Add component (AddParameter): Name = "ComponentLink2Description"; Value = "Datasheet"; VariantName = "[No Variations]"
Add component (AddParameter): Name = "ComponentLink2URL"; Value = "http://www.kemet.com/kemet/web/homepage/kechome.nsf/vapubfilesname/F3102TA.pdf/$file/F3102TA.pdf"; VariantName = "[No Variations]"
Add component (AddParameter): Name = "DatasheetDocument"; Value = "Mar-2001"; VariantName = "[No Variations]"
Add component (AddParameter): Name = "LatestRevisionDate"; Value = "19-Mar-2004"; VariantName = "[No Variations]"
Add component (AddParameter): Name = "LatestRevisionNote"; Value = "Silkscreen dimensions re-sized."; VariantName = "[No Variations]"
Add component (AddParameter): Name = "PackageDocument"; Value = "Mar-2001"; VariantName = "[No Variations]"
Add component (AddParameter): Name = "PackageReference"; Value = "B"; VariantName = "[No Variations]"
Add component (AddParameter): Name = "Published"; Value = "17-Jul-2002"; VariantName = "[No Variations]"
Add component (AddParameter): Name = "Publisher"; Value = "Altium Limited"; VariantName = "[No Variations]"
Added Component: Designator=C2(C 0603)
Add component (AddParameter): Name = "BOM??"; Value = "???????"; VariantName = "[No Variations]"
Add component (AddParameter): Name = "????"; Value = "www.ooocke.com"; VariantName = "[No Variations]"
Add component (AddParameter): Name = "????"; Value = "???"; VariantName = "[No Variations]"
Added Component: Designator=C3(C 0603)
Add component (AddParameter): Name = "BOM??"; Value = "???????"; VariantName = "[No Variations]"
Add component (AddParameter): Name = "????"; Value = "www.ooocke.com"; VariantName = "[No Variations]"
Add component (AddParameter): Name = "????"; Value = "???"; VariantName = "[No Variations]"
Added Component: Designator=C4(C 0603)
Add component (AddParameter): Name = "BOM??"; Value = "???????"; VariantName = "[No Variations]"
Add component (AddParameter): Name = "????"; Value = "www.ooocke.com"; VariantName = "[No Variations]"
Add component (AddParameter): Name = "????"; Value = "???"; VariantName = "[No Variations]"
Added Component: Designator=C5(C 0603)
Add component (AddParameter): Name = "BOM??"; Value = "???????"; VariantName = "[No Variations]"
Add component (AddParameter): Name = "????"; Value = "www.ooocke.com"; VariantName = "[No Variations]"
Add component (AddParameter): Name = "????"; Value = "???"; VariantName = "[No Variations]"
Added Component: Designator=C6(C 0603)
Add component (AddParameter): Name = "BOM??"; Value = "???????"; VariantName = "[No Variations]"
Add component (AddParameter): Name = "????"; Value = "www.ooocke.com"; VariantName = "[No Variations]"
Add component (AddParameter): Name = "????"; Value = "???"; VariantName = "[No Variations]"
Added Component: Designator=C7(C 0603)
Add component (AddParameter): Name = "BOM??"; Value = "???????"; VariantName = "[No Variations]"
Add component (AddParameter): Name = "????"; Value = "www.ooocke.com"; VariantName = "[No Variations]"
Add component (AddParameter): Name = "????"; Value = "???"; VariantName = "[No Variations]"
Added Component: Designator=LED1(LED 0603Y)
Add component (AddParameter): Name = "BOM??"; Value = "??LED"; VariantName = "[No Variations]"
Add component (AddParameter): Name = "????"; Value = "www.ooocke.com"; VariantName = "[No Variations]"
Add component (AddParameter): Name = "????"; Value = "???"; VariantName = "[No Variations]"
Added Component: Designator=M1(NodeMCU(ESP32))
Added Component: Designator=M2(E01-ML01DP5)
Added Component: Designator=R1(R 0603)
Add component (AddParameter): Name = "BOM??"; Value = "Chip resistor"; VariantName = "[No Variations]"
Add component (AddParameter): Name = "????"; Value = "www.ooocke.com"; VariantName = "[No Variations]"
Add component (AddParameter): Name = "????"; Value = "???"; VariantName = "[No Variations]"
Added Component: Designator=R2(SOT23-3N)
Add component (AddParameter): Name = "BOM??"; Value = "????-NPN?"; VariantName = "[No Variations]"
Add component (AddParameter): Name = "????"; Value = "www.ooocke.com"; VariantName = "[No Variations]"
Add component (AddParameter): Name = "??"; Value = "40V 1.5A 1W 100MHZ"; VariantName = "[No Variations]"
Add component (AddParameter): Name = "????"; Value = "???"; VariantName = "[No Variations]"
Added Component: Designator=R3(R 0603)
Add component (AddParameter): Name = "BOM??"; Value = "Chip resistor"; VariantName = "[No Variations]"
Add component (AddParameter): Name = "????"; Value = "www.ooocke.com"; VariantName = "[No Variations]"
Add component (AddParameter): Name = "????"; Value = "???"; VariantName = "[No Variations]"
Added Component: Designator=R4(R 0603)
Add component (AddParameter): Name = "BOM??"; Value = "Chip resistor"; VariantName = "[No Variations]"
Add component (AddParameter): Name = "????"; Value = "www.ooocke.com"; VariantName = "[No Variations]"
Add component (AddParameter): Name = "????"; Value = "???"; VariantName = "[No Variations]"
Added Component: Designator=R5(R 0603)
Add component (AddParameter): Name = "BOM??"; Value = "Chip resistor"; VariantName = "[No Variations]"
Add component (AddParameter): Name = "????"; Value = "www.ooocke.com"; VariantName = "[No Variations]"
Add component (AddParameter): Name = "????"; Value = "???"; VariantName = "[No Variations]"
Added Component: Designator=R6(R 0603)
Add component (AddParameter): Name = "BOM??"; Value = "Chip resistor"; VariantName = "[No Variations]"
Add component (AddParameter): Name = "????"; Value = "www.ooocke.com"; VariantName = "[No Variations]"
Add component (AddParameter): Name = "????"; Value = "???"; VariantName = "[No Variations]"
Added Component: Designator=R7(R 0603)
Add component (AddParameter): Name = "BOM??"; Value = "Chip resistor"; VariantName = "[No Variations]"
Add component (AddParameter): Name = "????"; Value = "www.ooocke.com"; VariantName = "[No Variations]"
Add component (AddParameter): Name = "????"; Value = "???"; VariantName = "[No Variations]"
Added Component: Designator=U1(Quectel MC60)
Added Component: Designator=U2(SIMcard_6pin_1)
Added Component: Designator=X1(u.Fl 3P)
Add component (AddParameter): Name = "ComponentKind"; Value = ""; VariantName = "[No Variations]"
Add component (AddParameter): Name = "HelpURL"; Value = ""; VariantName = "[No Variations]"
Add component (AddParameter): Name = "Manufacturer"; Value = "Hirose Electric Co Ltd"; VariantName = "[No Variations]"
Add component (AddParameter): Name = "Model"; Value = "U.FL-R-SMT(01)"; VariantName = "[No Variations]"
Added Component: Designator=X2(u.Fl 3P)
Add component (AddParameter): Name = "ComponentKind"; Value = ""; VariantName = "[No Variations]"
Add component (AddParameter): Name = "HelpURL"; Value = ""; VariantName = "[No Variations]"
Add component (AddParameter): Name = "Manufacturer"; Value = "Hirose Electric Co Ltd"; VariantName = "[No Variations]"
Add component (AddParameter): Name = "Model"; Value = "U.FL-R-SMT(01)"; VariantName = "[No Variations]"
Added Pin To Net: NetName=3.3V Pin=C5-1
Added Pin To Net: NetName=3.3V Pin=C6-1
Added Pin To Net: NetName=3.3V Pin=M2-8
Added Pin To Net: NetName=3.3V Pin=U1-26
Added Net: Name=3.3V
Added Pin To Net: NetName=E01_CE Pin=M2-2
Added Net: Name=E01_CE
Added Pin To Net: NetName=E01_CSN Pin=M2-7
Added Net: Name=E01_CSN
Added Pin To Net: NetName=E01_IRQ Pin=M2-5
Added Net: Name=E01_IRQ
Added Pin To Net: NetName=E01_MISO Pin=M2-4
Added Net: Name=E01_MISO
Added Pin To Net: NetName=E01_MOSI Pin=M2-6
Added Net: Name=E01_MOSI
Added Pin To Net: NetName=E01_SCK Pin=M2-3
Added Net: Name=E01_SCK
Added Pin To Net: NetName=GND Pin=C1-2
Added Pin To Net: NetName=GND Pin=C2-2
Added Pin To Net: NetName=GND Pin=C3-2
Added Pin To Net: NetName=GND Pin=C4-2
Added Pin To Net: NetName=GND Pin=C5-2
Added Pin To Net: NetName=GND Pin=C6-2
Added Pin To Net: NetName=GND Pin=M2-1
Added Pin To Net: NetName=GND Pin=R2-2
Added Pin To Net: NetName=GND Pin=R3-1
Added Pin To Net: NetName=GND Pin=R4-2
Added Pin To Net: NetName=GND Pin=R7-1
Added Pin To Net: NetName=GND Pin=U1-14
Added Pin To Net: NetName=GND Pin=U1-27
Added Pin To Net: NetName=GND Pin=U1-31
Added Pin To Net: NetName=GND Pin=U1-40
Added Pin To Net: NetName=GND Pin=U1-42
Added Pin To Net: NetName=GND Pin=U1-44
Added Pin To Net: NetName=GND Pin=U1-45
Added Pin To Net: NetName=GND Pin=U1-48
Added Pin To Net: NetName=GND Pin=U1-49
Added Pin To Net: NetName=GND Pin=X1-G
Added Pin To Net: NetName=GND Pin=X1-G
Added Pin To Net: NetName=GND Pin=X2-G
Added Pin To Net: NetName=GND Pin=X2-G
Added Net: Name=GND
Added Pin To Net: NetName=GNSS_ANT Pin=U1-15
Added Pin To Net: NetName=GNSS_ANT Pin=X1-S
Added Net: Name=GNSS_ANT
Added Pin To Net: NetName=IN0 Pin=U1-6
Added Net: Name=IN0
Added Pin To Net: NetName=NetLED1_2 Pin=LED1-2
Added Pin To Net: NetName=NetLED1_2 Pin=R4-1
Added Net: Name=NetLED1_2
Added Pin To Net: NetName=NETLIGHT Pin=LED1-1
Added Pin To Net: NetName=NETLIGHT Pin=U1-47
Added Net: Name=NETLIGHT
Added Pin To Net: NetName=NetR1_2 Pin=R1-2
Added Pin To Net: NetName=NetR1_2 Pin=R2-1
Added Pin To Net: NetName=NetR1_2 Pin=R3-2
Added Net: Name=NetR1_2
Added Pin To Net: NetName=NetR5_1 Pin=R5-1
Added Pin To Net: NetName=NetR5_1 Pin=U1-34
Added Net: Name=NetR5_1
Added Pin To Net: NetName=NetR6_1 Pin=R6-1
Added Pin To Net: NetName=NetR6_1 Pin=U1-33
Added Net: Name=NetR6_1
Added Pin To Net: NetName=PWRKEY Pin=R2-3
Added Pin To Net: NetName=PWRKEY Pin=U1-5
Added Net: Name=PWRKEY
Added Pin To Net: NetName=RF_ANT Pin=U1-41
Added Pin To Net: NetName=RF_ANT Pin=X2-S
Added Net: Name=RF_ANT
Added Pin To Net: NetName=RXD_GNSS Pin=U1-23
Added Pin To Net: NetName=RXD_GNSS Pin=U1-25
Added Net: Name=RXD_GNSS
Added Pin To Net: NetName=RXD_MAIN Pin=R5-2
Added Net: Name=RXD_MAIN
Added Pin To Net: NetName=SIM1_CLK Pin=U1-19
Added Pin To Net: NetName=SIM1_CLK Pin=U2-C3
Added Net: Name=SIM1_CLK
Added Pin To Net: NetName=SIM1_DATA Pin=U1-21
Added Pin To Net: NetName=SIM1_DATA Pin=U2-C7
Added Net: Name=SIM1_DATA
Added Pin To Net: NetName=SIM1_RST Pin=U1-20
Added Pin To Net: NetName=SIM1_RST Pin=U2-C2
Added Net: Name=SIM1_RST
Added Pin To Net: NetName=SIM1_VDD Pin=C7-1
Added Pin To Net: NetName=SIM1_VDD Pin=U1-18
Added Pin To Net: NetName=SIM1_VDD Pin=U2-C1
Added Net: Name=SIM1_VDD
Added Pin To Net: NetName=SIM_GND Pin=C7-2
Added Pin To Net: NetName=SIM_GND Pin=U1-16
Added Pin To Net: NetName=SIM_GND Pin=U2-C5
Added Net: Name=SIM_GND
Added Pin To Net: NetName=TURN_ON_PULSE Pin=R1-1
Added Net: Name=TURN_ON_PULSE
Added Pin To Net: NetName=TXD_GNSS Pin=U1-22
Added Pin To Net: NetName=TXD_GNSS Pin=U1-24
Added Net: Name=TXD_GNSS
Added Pin To Net: NetName=TXD_MAIN Pin=R6-2
Added Pin To Net: NetName=TXD_MAIN Pin=R7-2
Added Net: Name=TXD_MAIN
Added Pin To Net: NetName=VBAT1C Pin=C1-1
Added Pin To Net: NetName=VBAT1C Pin=C2-1
Added Pin To Net: NetName=VBAT1C Pin=C3-1
Added Pin To Net: NetName=VBAT1C Pin=C4-1
Added Pin To Net: NetName=VBAT1C Pin=U1-50
Added Pin To Net: NetName=VBAT1C Pin=U1-51
Added Net: Name=VBAT1C
Added Class: Name=Main
